<?xml version="1.0" encoding="UTF-8"?>
<coverage generated="1710538072632" clover="3.2.0">
  <project timestamp="1710538072632" name="All files">
    <metrics statements="471" coveredstatements="340" conditionals="70" coveredconditionals="34" methods="180" coveredmethods="134" elements="721" coveredelements="508" complexity="0" loc="471" ncloc="471" packages="12" files="40" classes="40"/>
    <package name="TwoRoads">
      <metrics statements="20" coveredstatements="18" conditionals="2" coveredconditionals="2" methods="3" coveredmethods="3"/>
      <file name="App.js" path="/Users/patrickkiehlmann/Desktop/Uni/Y3/PDS/sh29-main/TwoRoads/App.js">
        <metrics statements="20" coveredstatements="18" conditionals="2" coveredconditionals="2" methods="3" coveredmethods="3"/>
        <line num="11" count="2" type="stmt"/>
        <line num="13" count="2" type="stmt"/>
        <line num="15" count="1" type="stmt"/>
        <line num="17" count="1" type="stmt"/>
        <line num="20" count="1" type="stmt"/>
        <line num="30" count="1" type="stmt"/>
        <line num="31" count="1" type="stmt"/>
        <line num="32" count="1" type="stmt"/>
        <line num="33" count="1" type="stmt"/>
        <line num="35" count="1" type="stmt"/>
        <line num="36" count="1" type="stmt"/>
        <line num="37" count="1" type="stmt"/>
        <line num="39" count="0" type="stmt"/>
        <line num="42" count="0" type="stmt"/>
        <line num="45" count="1" type="stmt"/>
        <line num="49" count="1" type="stmt"/>
        <line num="52" count="2" type="cond" truecount="2" falsecount="0"/>
        <line num="53" count="1" type="stmt"/>
        <line num="57" count="1" type="stmt"/>
        <line num="59" count="1" type="stmt"/>
      </file>
    </package>
    <package name="TwoRoads.src.assets">
      <metrics statements="6" coveredstatements="6" conditionals="0" coveredconditionals="0" methods="0" coveredmethods="0"/>
      <file name="background.png" path="/Users/patrickkiehlmann/Desktop/Uni/Y3/PDS/sh29-main/TwoRoads/src/assets/background.png">
        <metrics statements="1" coveredstatements="1" conditionals="0" coveredconditionals="0" methods="0" coveredmethods="0"/>
        <line num="1" count="1" type="stmt"/>
      </file>
      <file name="connectionsBackground.png" path="/Users/patrickkiehlmann/Desktop/Uni/Y3/PDS/sh29-main/TwoRoads/src/assets/connectionsBackground.png">
        <metrics statements="1" coveredstatements="1" conditionals="0" coveredconditionals="0" methods="0" coveredmethods="0"/>
        <line num="1" count="1" type="stmt"/>
      </file>
      <file name="gratitudeBackground.png" path="/Users/patrickkiehlmann/Desktop/Uni/Y3/PDS/sh29-main/TwoRoads/src/assets/gratitudeBackground.png">
        <metrics statements="1" coveredstatements="1" conditionals="0" coveredconditionals="0" methods="0" coveredmethods="0"/>
        <line num="1" count="1" type="stmt"/>
      </file>
      <file name="hedonicBackground.png" path="/Users/patrickkiehlmann/Desktop/Uni/Y3/PDS/sh29-main/TwoRoads/src/assets/hedonicBackground.png">
        <metrics statements="1" coveredstatements="1" conditionals="0" coveredconditionals="0" methods="0" coveredmethods="0"/>
        <line num="1" count="1" type="stmt"/>
      </file>
      <file name="kindnessBackground.png" path="/Users/patrickkiehlmann/Desktop/Uni/Y3/PDS/sh29-main/TwoRoads/src/assets/kindnessBackground.png">
        <metrics statements="1" coveredstatements="1" conditionals="0" coveredconditionals="0" methods="0" coveredmethods="0"/>
        <line num="1" count="1" type="stmt"/>
      </file>
      <file name="twoRoads.png" path="/Users/patrickkiehlmann/Desktop/Uni/Y3/PDS/sh29-main/TwoRoads/src/assets/twoRoads.png">
        <metrics statements="1" coveredstatements="1" conditionals="0" coveredconditionals="0" methods="0" coveredmethods="0"/>
        <line num="1" count="13" type="stmt"/>
      </file>
    </package>
    <package name="TwoRoads.src.assets.fonts">
      <metrics statements="6" coveredstatements="6" conditionals="0" coveredconditionals="0" methods="0" coveredmethods="0"/>
      <file name="Lora-Bold.ttf" path="/Users/patrickkiehlmann/Desktop/Uni/Y3/PDS/sh29-main/TwoRoads/src/assets/fonts/Lora-Bold.ttf">
        <metrics statements="1" coveredstatements="1" conditionals="0" coveredconditionals="0" methods="0" coveredmethods="0"/>
        <line num="1" count="1" type="stmt"/>
      </file>
      <file name="Lora-Regular.ttf" path="/Users/patrickkiehlmann/Desktop/Uni/Y3/PDS/sh29-main/TwoRoads/src/assets/fonts/Lora-Regular.ttf">
        <metrics statements="1" coveredstatements="1" conditionals="0" coveredconditionals="0" methods="0" coveredmethods="0"/>
        <line num="1" count="1" type="stmt"/>
      </file>
      <file name="Nunito-Bold.ttf" path="/Users/patrickkiehlmann/Desktop/Uni/Y3/PDS/sh29-main/TwoRoads/src/assets/fonts/Nunito-Bold.ttf">
        <metrics statements="1" coveredstatements="1" conditionals="0" coveredconditionals="0" methods="0" coveredmethods="0"/>
        <line num="1" count="1" type="stmt"/>
      </file>
      <file name="Nunito-ExtraLight.ttf" path="/Users/patrickkiehlmann/Desktop/Uni/Y3/PDS/sh29-main/TwoRoads/src/assets/fonts/Nunito-ExtraLight.ttf">
        <metrics statements="1" coveredstatements="1" conditionals="0" coveredconditionals="0" methods="0" coveredmethods="0"/>
        <line num="1" count="1" type="stmt"/>
      </file>
      <file name="Nunito-SemiBold.ttf" path="/Users/patrickkiehlmann/Desktop/Uni/Y3/PDS/sh29-main/TwoRoads/src/assets/fonts/Nunito-SemiBold.ttf">
        <metrics statements="1" coveredstatements="1" conditionals="0" coveredconditionals="0" methods="0" coveredmethods="0"/>
        <line num="1" count="1" type="stmt"/>
      </file>
      <file name="arial.ttf" path="/Users/patrickkiehlmann/Desktop/Uni/Y3/PDS/sh29-main/TwoRoads/src/assets/fonts/arial.ttf">
        <metrics statements="1" coveredstatements="1" conditionals="0" coveredconditionals="0" methods="0" coveredmethods="0"/>
        <line num="1" count="1" type="stmt"/>
      </file>
    </package>
    <package name="TwoRoads.src.components.Footer">
      <metrics statements="2" coveredstatements="2" conditionals="0" coveredconditionals="0" methods="1" coveredmethods="1"/>
      <file name="index.js" path="/Users/patrickkiehlmann/Desktop/Uni/Y3/PDS/sh29-main/TwoRoads/src/components/Footer/index.js">
        <metrics statements="2" coveredstatements="2" conditionals="0" coveredconditionals="0" methods="1" coveredmethods="1"/>
        <line num="7" count="8" type="stmt"/>
        <line num="8" count="48" type="stmt"/>
      </file>
    </package>
    <package name="TwoRoads.src.components.Header">
      <metrics statements="25" coveredstatements="24" conditionals="2" coveredconditionals="2" methods="8" coveredmethods="8"/>
      <file name="LoginHeader.js" path="/Users/patrickkiehlmann/Desktop/Uni/Y3/PDS/sh29-main/TwoRoads/src/components/Header/LoginHeader.js">
        <metrics statements="2" coveredstatements="2" conditionals="0" coveredconditionals="0" methods="1" coveredmethods="1"/>
        <line num="7" count="5" type="stmt"/>
        <line num="8" count="88" type="stmt"/>
      </file>
      <file name="index.js" path="/Users/patrickkiehlmann/Desktop/Uni/Y3/PDS/sh29-main/TwoRoads/src/components/Header/index.js">
        <metrics statements="17" coveredstatements="16" conditionals="2" coveredconditionals="2" methods="5" coveredmethods="5"/>
        <line num="8" count="2" type="stmt"/>
        <line num="9" count="9" type="stmt"/>
        <line num="10" count="9" type="stmt"/>
        <line num="12" count="0" type="stmt"/>
        <line num="16" count="2" type="stmt"/>
        <line num="17" count="18" type="stmt"/>
        <line num="18" count="18" type="stmt"/>
        <line num="19" count="18" type="stmt"/>
        <line num="20" count="18" type="stmt"/>
        <line num="22" count="18" type="stmt"/>
        <line num="23" count="1" type="stmt"/>
        <line num="26" count="18" type="stmt"/>
        <line num="27" count="9" type="stmt"/>
        <line num="28" count="9" type="stmt"/>
        <line num="29" count="9" type="cond" truecount="2" falsecount="0"/>
        <line num="32" count="9" type="stmt"/>
        <line num="35" count="18" type="stmt"/>
      </file>
      <file name="inputScreenHeader.js" path="/Users/patrickkiehlmann/Desktop/Uni/Y3/PDS/sh29-main/TwoRoads/src/components/Header/inputScreenHeader.js">
        <metrics statements="6" coveredstatements="6" conditionals="0" coveredconditionals="0" methods="2" coveredmethods="2"/>
        <line num="7" count="5" type="stmt"/>
        <line num="8" count="40" type="stmt"/>
        <line num="9" count="40" type="stmt"/>
        <line num="11" count="40" type="stmt"/>
        <line num="12" count="1" type="stmt"/>
        <line num="15" count="40" type="stmt"/>
      </file>
    </package>
    <package name="TwoRoads.src.components.Layout">
      <metrics statements="5" coveredstatements="5" conditionals="0" coveredconditionals="0" methods="2" coveredmethods="2"/>
      <file name="HomeLayout.js" path="/Users/patrickkiehlmann/Desktop/Uni/Y3/PDS/sh29-main/TwoRoads/src/components/Layout/HomeLayout.js">
        <metrics statements="2" coveredstatements="2" conditionals="0" coveredconditionals="0" methods="1" coveredmethods="1"/>
        <line num="11" count="2" type="stmt"/>
        <line num="12" count="8" type="stmt"/>
      </file>
      <file name="index.js" path="/Users/patrickkiehlmann/Desktop/Uni/Y3/PDS/sh29-main/TwoRoads/src/components/Layout/index.js">
        <metrics statements="3" coveredstatements="3" conditionals="0" coveredconditionals="0" methods="1" coveredmethods="1"/>
        <line num="7" count="6" type="stmt"/>
        <line num="8" count="43" type="stmt"/>
        <line num="16" count="6" type="stmt"/>
      </file>
    </package>
    <package name="TwoRoads.src.components.Styles">
      <metrics statements="6" coveredstatements="6" conditionals="0" coveredconditionals="0" methods="0" coveredmethods="0"/>
      <file name="stylesheet.js" path="/Users/patrickkiehlmann/Desktop/Uni/Y3/PDS/sh29-main/TwoRoads/src/components/Styles/stylesheet.js">
        <metrics statements="6" coveredstatements="6" conditionals="0" coveredconditionals="0" methods="0" coveredmethods="0"/>
        <line num="4" count="18" type="stmt"/>
        <line num="5" count="18" type="stmt"/>
        <line num="9" count="18" type="stmt"/>
        <line num="10" count="18" type="stmt"/>
        <line num="13" count="18" type="stmt"/>
        <line num="15" count="18" type="stmt"/>
      </file>
    </package>
    <package name="TwoRoads.src.components.interactiveComps">
      <metrics statements="11" coveredstatements="11" conditionals="4" coveredconditionals="3" methods="4" coveredmethods="4"/>
      <file name="ButtonToLeaveTextBox.js" path="/Users/patrickkiehlmann/Desktop/Uni/Y3/PDS/sh29-main/TwoRoads/src/components/interactiveComps/ButtonToLeaveTextBox.js">
        <metrics statements="6" coveredstatements="6" conditionals="2" coveredconditionals="2" methods="2" coveredmethods="2"/>
        <line num="12" count="1" type="stmt"/>
        <line num="13" count="3" type="stmt"/>
        <line num="14" count="2" type="stmt"/>
        <line num="15" count="2" type="cond" truecount="2" falsecount="0"/>
        <line num="18" count="3" type="stmt"/>
        <line num="27" count="1" type="stmt"/>
      </file>
      <file name="SubmitButton.js" path="/Users/patrickkiehlmann/Desktop/Uni/Y3/PDS/sh29-main/TwoRoads/src/components/interactiveComps/SubmitButton.js">
        <metrics statements="3" coveredstatements="3" conditionals="0" coveredconditionals="0" methods="1" coveredmethods="1"/>
        <line num="6" count="5" type="stmt"/>
        <line num="7" count="39" type="stmt"/>
        <line num="14" count="5" type="stmt"/>
      </file>
      <file name="TextBox.js" path="/Users/patrickkiehlmann/Desktop/Uni/Y3/PDS/sh29-main/TwoRoads/src/components/interactiveComps/TextBox.js">
        <metrics statements="2" coveredstatements="2" conditionals="2" coveredconditionals="1" methods="1" coveredmethods="1"/>
        <line num="8" count="5" type="stmt"/>
        <line num="9" count="160" type="stmt"/>
      </file>
    </package>
    <package name="TwoRoads.src.database">
      <metrics statements="138" coveredstatements="78" conditionals="24" coveredconditionals="0" methods="75" coveredmethods="43"/>
      <file name="connectionActs.js" path="/Users/patrickkiehlmann/Desktop/Uni/Y3/PDS/sh29-main/TwoRoads/src/database/connectionActs.js">
        <metrics statements="27" coveredstatements="13" conditionals="6" coveredconditionals="0" methods="16" coveredmethods="9"/>
        <line num="1" count="2" type="stmt"/>
        <line num="10" count="1" type="stmt"/>
        <line num="15" count="1" type="stmt"/>
        <line num="17" count="1" type="stmt"/>
        <line num="21" count="0" type="cond" truecount="0" falsecount="2"/>
        <line num="22" count="0" type="stmt"/>
        <line num="26" count="0" type="cond" truecount="0" falsecount="2"/>
        <line num="27" count="0" type="stmt"/>
        <line num="29" count="0" type="stmt"/>
        <line num="34" count="0" type="stmt"/>
        <line num="35" count="0" type="cond" truecount="0" falsecount="2"/>
        <line num="36" count="0" type="stmt"/>
        <line num="40" count="1" type="stmt"/>
        <line num="45" count="2" type="stmt"/>
        <line num="46" count="1" type="stmt"/>
        <line num="47" count="1" type="stmt"/>
        <line num="48" count="1" type="stmt"/>
        <line num="51" count="0" type="stmt"/>
        <line num="53" count="0" type="stmt"/>
        <line num="54" count="0" type="stmt"/>
        <line num="61" count="2" type="stmt"/>
        <line num="62" count="1" type="stmt"/>
        <line num="63" count="1" type="stmt"/>
        <line num="64" count="1" type="stmt"/>
        <line num="68" count="0" type="stmt"/>
        <line num="71" count="0" type="stmt"/>
        <line num="72" count="0" type="stmt"/>
      </file>
      <file name="dataRemovalUtil.js" path="/Users/patrickkiehlmann/Desktop/Uni/Y3/PDS/sh29-main/TwoRoads/src/database/dataRemovalUtil.js">
        <metrics statements="15" coveredstatements="13" conditionals="0" coveredconditionals="0" methods="7" coveredmethods="5"/>
        <line num="6" count="1" type="stmt"/>
        <line num="7" count="2" type="stmt"/>
        <line num="14" count="2" type="stmt"/>
        <line num="15" count="8" type="stmt"/>
        <line num="16" count="8" type="stmt"/>
        <line num="21" count="0" type="stmt"/>
        <line num="25" count="0" type="stmt"/>
        <line num="33" count="1" type="stmt"/>
        <line num="34" count="2" type="stmt"/>
        <line num="35" count="2" type="stmt"/>
        <line num="36" count="4" type="stmt"/>
        <line num="40" count="1" type="stmt"/>
        <line num="41" count="1" type="stmt"/>
        <line num="42" count="1" type="stmt"/>
        <line num="43" count="1" type="stmt"/>
      </file>
      <file name="db.js" path="/Users/patrickkiehlmann/Desktop/Uni/Y3/PDS/sh29-main/TwoRoads/src/database/db.js">
        <metrics statements="15" coveredstatements="13" conditionals="0" coveredconditionals="0" methods="4" coveredmethods="2"/>
        <line num="4" count="5" type="stmt"/>
        <line num="5" count="0" type="stmt"/>
        <line num="9" count="5" type="stmt"/>
        <line num="10" count="1" type="stmt"/>
        <line num="21" count="1" type="stmt"/>
        <line num="32" count="1" type="stmt"/>
        <line num="42" count="1" type="stmt"/>
        <line num="55" count="1" type="stmt"/>
        <line num="65" count="1" type="stmt"/>
        <line num="67" count="1" type="stmt"/>
        <line num="68" count="1" type="stmt"/>
        <line num="69" count="1" type="stmt"/>
        <line num="70" count="1" type="stmt"/>
        <line num="71" count="1" type="stmt"/>
        <line num="74" count="0" type="stmt"/>
      </file>
      <file name="gratitudeDiary.js" path="/Users/patrickkiehlmann/Desktop/Uni/Y3/PDS/sh29-main/TwoRoads/src/database/gratitudeDiary.js">
        <metrics statements="27" coveredstatements="13" conditionals="6" coveredconditionals="0" methods="16" coveredmethods="9"/>
        <line num="2" count="2" type="stmt"/>
        <line num="14" count="1" type="stmt"/>
        <line num="19" count="1" type="stmt"/>
        <line num="21" count="1" type="stmt"/>
        <line num="33" count="0" type="cond" truecount="0" falsecount="2"/>
        <line num="34" count="0" type="stmt"/>
        <line num="38" count="0" type="cond" truecount="0" falsecount="2"/>
        <line num="39" count="0" type="stmt"/>
        <line num="41" count="0" type="stmt"/>
        <line num="46" count="0" type="stmt"/>
        <line num="47" count="0" type="cond" truecount="0" falsecount="2"/>
        <line num="48" count="0" type="stmt"/>
        <line num="52" count="1" type="stmt"/>
        <line num="58" count="2" type="stmt"/>
        <line num="59" count="1" type="stmt"/>
        <line num="60" count="1" type="stmt"/>
        <line num="61" count="1" type="stmt"/>
        <line num="64" count="0" type="stmt"/>
        <line num="66" count="0" type="stmt"/>
        <line num="67" count="0" type="stmt"/>
        <line num="74" count="2" type="stmt"/>
        <line num="75" count="1" type="stmt"/>
        <line num="76" count="1" type="stmt"/>
        <line num="77" count="1" type="stmt"/>
        <line num="81" count="0" type="stmt"/>
        <line num="84" count="0" type="stmt"/>
        <line num="85" count="0" type="stmt"/>
      </file>
      <file name="hedonicMoments.js" path="/Users/patrickkiehlmann/Desktop/Uni/Y3/PDS/sh29-main/TwoRoads/src/database/hedonicMoments.js">
        <metrics statements="27" coveredstatements="13" conditionals="6" coveredconditionals="0" methods="16" coveredmethods="9"/>
        <line num="1" count="2" type="stmt"/>
        <line num="11" count="1" type="stmt"/>
        <line num="16" count="1" type="stmt"/>
        <line num="18" count="1" type="stmt"/>
        <line num="22" count="0" type="cond" truecount="0" falsecount="2"/>
        <line num="23" count="0" type="stmt"/>
        <line num="27" count="0" type="cond" truecount="0" falsecount="2"/>
        <line num="28" count="0" type="stmt"/>
        <line num="30" count="0" type="stmt"/>
        <line num="35" count="0" type="stmt"/>
        <line num="36" count="0" type="cond" truecount="0" falsecount="2"/>
        <line num="37" count="0" type="stmt"/>
        <line num="41" count="1" type="stmt"/>
        <line num="47" count="2" type="stmt"/>
        <line num="48" count="1" type="stmt"/>
        <line num="49" count="1" type="stmt"/>
        <line num="50" count="1" type="stmt"/>
        <line num="53" count="0" type="stmt"/>
        <line num="55" count="0" type="stmt"/>
        <line num="56" count="0" type="stmt"/>
        <line num="63" count="2" type="stmt"/>
        <line num="64" count="1" type="stmt"/>
        <line num="65" count="1" type="stmt"/>
        <line num="66" count="1" type="stmt"/>
        <line num="70" count="0" type="stmt"/>
        <line num="73" count="0" type="stmt"/>
        <line num="74" count="0" type="stmt"/>
      </file>
      <file name="kindnessActs.js" path="/Users/patrickkiehlmann/Desktop/Uni/Y3/PDS/sh29-main/TwoRoads/src/database/kindnessActs.js">
        <metrics statements="27" coveredstatements="13" conditionals="6" coveredconditionals="0" methods="16" coveredmethods="9"/>
        <line num="1" count="2" type="stmt"/>
        <line num="10" count="1" type="stmt"/>
        <line num="15" count="1" type="stmt"/>
        <line num="17" count="1" type="stmt"/>
        <line num="21" count="0" type="cond" truecount="0" falsecount="2"/>
        <line num="22" count="0" type="stmt"/>
        <line num="26" count="0" type="cond" truecount="0" falsecount="2"/>
        <line num="27" count="0" type="stmt"/>
        <line num="29" count="0" type="stmt"/>
        <line num="34" count="0" type="stmt"/>
        <line num="35" count="0" type="cond" truecount="0" falsecount="2"/>
        <line num="36" count="0" type="stmt"/>
        <line num="40" count="1" type="stmt"/>
        <line num="45" count="2" type="stmt"/>
        <line num="46" count="1" type="stmt"/>
        <line num="47" count="1" type="stmt"/>
        <line num="48" count="1" type="stmt"/>
        <line num="51" count="0" type="stmt"/>
        <line num="53" count="0" type="stmt"/>
        <line num="54" count="0" type="stmt"/>
        <line num="61" count="2" type="stmt"/>
        <line num="62" count="1" type="stmt"/>
        <line num="63" count="1" type="stmt"/>
        <line num="64" count="1" type="stmt"/>
        <line num="68" count="0" type="stmt"/>
        <line num="71" count="0" type="stmt"/>
        <line num="72" count="0" type="stmt"/>
      </file>
    </package>
    <package name="TwoRoads.src.screens">
      <metrics statements="77" coveredstatements="67" conditionals="8" coveredconditionals="6" methods="34" coveredmethods="28"/>
      <file name="HomeScreen.js" path="/Users/patrickkiehlmann/Desktop/Uni/Y3/PDS/sh29-main/TwoRoads/src/screens/HomeScreen.js">
        <metrics statements="7" coveredstatements="7" conditionals="0" coveredconditionals="0" methods="4" coveredmethods="4"/>
        <line num="9" count="1" type="stmt"/>
        <line num="10" count="4" type="stmt"/>
        <line num="11" count="5" type="stmt"/>
        <line num="14" count="4" type="stmt"/>
        <line num="23" count="4" type="stmt"/>
        <line num="29" count="24" type="stmt"/>
        <line num="35" count="5" type="stmt"/>
      </file>
      <file name="LoginScreen.js" path="/Users/patrickkiehlmann/Desktop/Uni/Y3/PDS/sh29-main/TwoRoads/src/screens/LoginScreen.js">
        <metrics statements="47" coveredstatements="40" conditionals="8" coveredconditionals="6" methods="17" coveredmethods="14"/>
        <line num="10" count="1" type="stmt"/>
        <line num="11" count="16" type="stmt"/>
        <line num="15" count="16" type="stmt"/>
        <line num="16" count="3" type="stmt"/>
        <line num="17" count="3" type="stmt"/>
        <line num="18" count="6" type="stmt"/>
        <line num="19" count="6" type="stmt"/>
        <line num="23" count="16" type="stmt"/>
        <line num="24" count="3" type="stmt"/>
        <line num="29" count="16" type="stmt"/>
        <line num="30" count="2" type="stmt"/>
        <line num="31" count="2" type="stmt"/>
        <line num="33" count="0" type="stmt"/>
        <line num="37" count="16" type="stmt"/>
        <line num="38" count="2" type="stmt"/>
        <line num="41" count="16" type="stmt"/>
        <line num="42" count="2" type="stmt"/>
        <line num="43" count="2" type="stmt"/>
        <line num="44" count="2" type="stmt"/>
        <line num="45" count="2" type="cond" truecount="2" falsecount="0"/>
        <line num="46" count="1" type="stmt"/>
        <line num="47" count="1" type="stmt"/>
        <line num="49" count="1" type="stmt"/>
        <line num="50" count="1" type="stmt"/>
        <line num="53" count="0" type="stmt"/>
        <line num="57" count="16" type="stmt"/>
        <line num="58" count="12" type="cond" truecount="1" falsecount="1"/>
        <line num="59" count="12" type="stmt"/>
        <line num="63" count="16" type="stmt"/>
        <line num="64" count="0" type="stmt"/>
        <line num="67" count="16" type="stmt"/>
        <line num="68" count="2" type="cond" truecount="1" falsecount="1"/>
        <line num="69" count="2" type="stmt"/>
        <line num="71" count="0" type="stmt"/>
        <line num="72" count="0" type="stmt"/>
        <line num="76" count="16" type="stmt"/>
        <line num="77" count="16" type="stmt"/>
        <line num="78" count="16" type="stmt"/>
        <line num="79" count="96" type="stmt"/>
        <line num="89" count="16" type="stmt"/>
        <line num="92" count="16" type="stmt"/>
        <line num="100" count="144" type="stmt"/>
        <line num="101" count="144" type="stmt"/>
        <line num="104" count="12" type="stmt"/>
        <line num="112" count="0" type="stmt"/>
        <line num="120" count="0" type="stmt"/>
        <line num="130" count="1" type="stmt"/>
      </file>
      <file name="SettingsScreen.js" path="/Users/patrickkiehlmann/Desktop/Uni/Y3/PDS/sh29-main/TwoRoads/src/screens/SettingsScreen.js">
        <metrics statements="13" coveredstatements="11" conditionals="0" coveredconditionals="0" methods="7" coveredmethods="5"/>
        <line num="14" count="1" type="stmt"/>
        <line num="15" count="3" type="stmt"/>
        <line num="16" count="0" type="stmt"/>
        <line num="19" count="3" type="stmt"/>
        <line num="20" count="3" type="stmt"/>
        <line num="23" count="3" type="stmt"/>
        <line num="24" count="3" type="stmt"/>
        <line num="25" count="3" type="stmt"/>
        <line num="28" count="3" type="stmt"/>
        <line num="43" count="3" type="stmt"/>
        <line num="50" count="0" type="stmt"/>
        <line num="56" count="3" type="stmt"/>
        <line num="57" count="3" type="stmt"/>
      </file>
      <file name="WelcomePage.js" path="/Users/patrickkiehlmann/Desktop/Uni/Y3/PDS/sh29-main/TwoRoads/src/screens/WelcomePage.js">
        <metrics statements="10" coveredstatements="9" conditionals="0" coveredconditionals="0" methods="6" coveredmethods="5"/>
        <line num="8" count="1" type="stmt"/>
        <line num="9" count="2" type="stmt"/>
        <line num="10" count="2" type="stmt"/>
        <line num="13" count="1" type="stmt"/>
        <line num="14" count="4" type="stmt"/>
        <line num="35" count="1" type="stmt"/>
        <line num="51" count="2" type="stmt"/>
        <line num="57" count="0" type="stmt"/>
        <line num="63" count="2" type="stmt"/>
        <line num="64" count="2" type="stmt"/>
      </file>
    </package>
    <package name="TwoRoads.src.screens.InputScreens">
      <metrics statements="100" coveredstatements="48" conditionals="16" coveredconditionals="8" methods="24" coveredmethods="20"/>
      <file name="ConnectionActsScreen.js" path="/Users/patrickkiehlmann/Desktop/Uni/Y3/PDS/sh29-main/TwoRoads/src/screens/InputScreens/ConnectionActsScreen.js">
        <metrics statements="21" coveredstatements="10" conditionals="4" coveredconditionals="2" methods="5" coveredmethods="4"/>
        <line num="15" count="1" type="stmt"/>
        <line num="16" count="9" type="stmt"/>
        <line num="17" count="9" type="stmt"/>
        <line num="18" count="9" type="stmt"/>
        <line num="20" count="9" type="stmt"/>
        <line num="22" count="9" type="stmt"/>
        <line num="23" count="0" type="stmt"/>
        <line num="24" count="0" type="stmt"/>
        <line num="25" count="0" type="stmt"/>
        <line num="27" count="0" type="stmt"/>
        <line num="28" count="0" type="stmt"/>
        <line num="30" count="0" type="stmt"/>
        <line num="38" count="0" type="stmt"/>
        <line num="39" count="0" type="stmt"/>
        <line num="40" count="0" type="stmt"/>
        <line num="42" count="0" type="stmt"/>
        <line num="44" count="0" type="stmt"/>
        <line num="48" count="9" type="stmt"/>
        <line num="75" count="1" type="stmt"/>
        <line num="89" count="1" type="stmt"/>
        <line num="103" count="1" type="stmt"/>
      </file>
      <file name="GratitudeDiaryScreen.js" path="/Users/patrickkiehlmann/Desktop/Uni/Y3/PDS/sh29-main/TwoRoads/src/screens/InputScreens/GratitudeDiaryScreen.js">
        <metrics statements="30" coveredstatements="16" conditionals="4" coveredconditionals="2" methods="8" coveredmethods="7"/>
        <line num="15" count="1" type="stmt"/>
        <line num="16" count="12" type="stmt"/>
        <line num="17" count="12" type="stmt"/>
        <line num="18" count="12" type="stmt"/>
        <line num="19" count="12" type="stmt"/>
        <line num="20" count="12" type="stmt"/>
        <line num="21" count="12" type="stmt"/>
        <line num="23" count="12" type="stmt"/>
        <line num="25" count="12" type="stmt"/>
        <line num="26" count="0" type="stmt"/>
        <line num="27" count="0" type="stmt"/>
        <line num="28" count="0" type="stmt"/>
        <line num="30" count="0" type="stmt"/>
        <line num="31" count="0" type="stmt"/>
        <line num="33" count="0" type="stmt"/>
        <line num="44" count="0" type="stmt"/>
        <line num="45" count="0" type="stmt"/>
        <line num="46" count="0" type="stmt"/>
        <line num="47" count="0" type="stmt"/>
        <line num="48" count="0" type="stmt"/>
        <line num="49" count="0" type="stmt"/>
        <line num="51" count="0" type="stmt"/>
        <line num="53" count="0" type="stmt"/>
        <line num="57" count="12" type="stmt"/>
        <line num="75" count="1" type="stmt"/>
        <line num="89" count="1" type="stmt"/>
        <line num="105" count="1" type="stmt"/>
        <line num="119" count="1" type="stmt"/>
        <line num="135" count="1" type="stmt"/>
        <line num="149" count="1" type="stmt"/>
      </file>
      <file name="HedonicMomentsScreen.js" path="/Users/patrickkiehlmann/Desktop/Uni/Y3/PDS/sh29-main/TwoRoads/src/screens/InputScreens/HedonicMomentsScreen.js">
        <metrics statements="26" coveredstatements="12" conditionals="4" coveredconditionals="2" methods="6" coveredmethods="5"/>
        <line num="15" count="1" type="stmt"/>
        <line num="16" count="10" type="stmt"/>
        <line num="17" count="10" type="stmt"/>
        <line num="18" count="10" type="stmt"/>
        <line num="19" count="10" type="stmt"/>
        <line num="21" count="10" type="stmt"/>
        <line num="24" count="10" type="stmt"/>
        <line num="25" count="0" type="stmt"/>
        <line num="26" count="0" type="stmt"/>
        <line num="27" count="0" type="stmt"/>
        <line num="29" count="0" type="stmt"/>
        <line num="30" count="0" type="stmt"/>
        <line num="32" count="0" type="stmt"/>
        <line num="41" count="0" type="stmt"/>
        <line num="42" count="0" type="stmt"/>
        <line num="43" count="0" type="stmt"/>
        <line num="44" count="0" type="stmt"/>
        <line num="46" count="0" type="stmt"/>
        <line num="48" count="0" type="stmt"/>
        <line num="49" count="0" type="stmt"/>
        <line num="51" count="0" type="stmt"/>
        <line num="55" count="10" type="stmt"/>
        <line num="76" count="1" type="stmt"/>
        <line num="87" count="1" type="stmt"/>
        <line num="98" count="1" type="stmt"/>
        <line num="109" count="1" type="stmt"/>
      </file>
      <file name="KindnessActsScreen.js" path="/Users/patrickkiehlmann/Desktop/Uni/Y3/PDS/sh29-main/TwoRoads/src/screens/InputScreens/KindnessActsScreen.js">
        <metrics statements="23" coveredstatements="10" conditionals="4" coveredconditionals="2" methods="5" coveredmethods="4"/>
        <line num="15" count="1" type="stmt"/>
        <line num="16" count="6" type="stmt"/>
        <line num="17" count="6" type="stmt"/>
        <line num="18" count="6" type="stmt"/>
        <line num="19" count="6" type="stmt"/>
        <line num="21" count="6" type="stmt"/>
        <line num="22" count="0" type="stmt"/>
        <line num="23" count="0" type="stmt"/>
        <line num="24" count="0" type="stmt"/>
        <line num="26" count="0" type="stmt"/>
        <line num="27" count="0" type="stmt"/>
        <line num="29" count="0" type="stmt"/>
        <line num="37" count="0" type="stmt"/>
        <line num="38" count="0" type="stmt"/>
        <line num="39" count="0" type="stmt"/>
        <line num="41" count="0" type="stmt"/>
        <line num="43" count="0" type="stmt"/>
        <line num="44" count="0" type="stmt"/>
        <line num="46" count="0" type="stmt"/>
        <line num="50" count="6" type="stmt"/>
        <line num="76" count="1" type="stmt"/>
        <line num="90" count="1" type="stmt"/>
        <line num="104" count="1" type="stmt"/>
      </file>
    </package>
    <package name="TwoRoads.src.screens.RegisterScreens">
      <metrics statements="75" coveredstatements="69" conditionals="14" coveredconditionals="13" methods="29" coveredmethods="25"/>
      <file name="PinScreenReg1.js" path="/Users/patrickkiehlmann/Desktop/Uni/Y3/PDS/sh29-main/TwoRoads/src/screens/RegisterScreens/PinScreenReg1.js">
        <metrics statements="26" coveredstatements="22" conditionals="6" coveredconditionals="5" methods="12" coveredmethods="8"/>
        <line num="10" count="1" type="stmt"/>
        <line num="11" count="16" type="stmt"/>
        <line num="13" count="16" type="stmt"/>
        <line num="14" count="1" type="stmt"/>
        <line num="17" count="16" type="stmt"/>
        <line num="18" count="11" type="cond" truecount="1" falsecount="1"/>
        <line num="19" count="11" type="stmt"/>
        <line num="23" count="16" type="stmt"/>
        <line num="24" count="0" type="stmt"/>
        <line num="27" count="16" type="stmt"/>
        <line num="28" count="2" type="cond" truecount="2" falsecount="0"/>
        <line num="29" count="1" type="stmt"/>
        <line num="30" count="1" type="stmt"/>
        <line num="32" count="1" type="stmt"/>
        <line num="36" count="16" type="stmt"/>
        <line num="37" count="16" type="stmt"/>
        <line num="38" count="16" type="stmt"/>
        <line num="39" count="96" type="stmt"/>
        <line num="50" count="16" type="stmt"/>
        <line num="53" count="16" type="stmt"/>
        <line num="61" count="144" type="stmt"/>
        <line num="62" count="144" type="stmt"/>
        <line num="66" count="11" type="stmt"/>
        <line num="74" count="0" type="stmt"/>
        <line num="83" count="0" type="stmt"/>
        <line num="92" count="0" type="stmt"/>
      </file>
      <file name="PinScreenReg2.js" path="/Users/patrickkiehlmann/Desktop/Uni/Y3/PDS/sh29-main/TwoRoads/src/screens/RegisterScreens/PinScreenReg2.js">
        <metrics statements="41" coveredstatements="39" conditionals="8" coveredconditionals="8" methods="14" coveredmethods="14"/>
        <line num="9" count="1" type="stmt"/>
        <line num="10" count="52" type="stmt"/>
        <line num="12" count="52" type="stmt"/>
        <line num="13" count="2" type="stmt"/>
        <line num="14" count="2" type="stmt"/>
        <line num="16" count="0" type="stmt"/>
        <line num="20" count="52" type="stmt"/>
        <line num="21" count="2" type="stmt"/>
        <line num="22" count="2" type="stmt"/>
        <line num="23" count="2" type="cond" truecount="2" falsecount="0"/>
        <line num="24" count="1" type="stmt"/>
        <line num="25" count="1" type="stmt"/>
        <line num="27" count="1" type="stmt"/>
        <line num="28" count="1" type="stmt"/>
        <line num="29" count="1" type="stmt"/>
        <line num="30" count="1" type="stmt"/>
        <line num="33" count="0" type="stmt"/>
        <line num="37" count="52" type="stmt"/>
        <line num="38" count="37" type="cond" truecount="2" falsecount="0"/>
        <line num="39" count="33" type="stmt"/>
        <line num="43" count="52" type="stmt"/>
        <line num="44" count="6" type="stmt"/>
        <line num="47" count="52" type="stmt"/>
        <line num="48" count="1" type="stmt"/>
        <line num="51" count="52" type="stmt"/>
        <line num="52" count="5" type="cond" truecount="2" falsecount="0"/>
        <line num="53" count="2" type="stmt"/>
        <line num="55" count="3" type="stmt"/>
        <line num="56" count="3" type="stmt"/>
        <line num="60" count="52" type="stmt"/>
        <line num="61" count="52" type="stmt"/>
        <line num="62" count="52" type="stmt"/>
        <line num="63" count="312" type="stmt"/>
        <line num="74" count="52" type="stmt"/>
        <line num="77" count="52" type="stmt"/>
        <line num="86" count="468" type="stmt"/>
        <line num="87" count="468" type="stmt"/>
        <line num="91" count="29" type="stmt"/>
        <line num="100" count="6" type="stmt"/>
        <line num="108" count="8" type="stmt"/>
        <line num="119" count="1" type="stmt"/>
      </file>
      <file name="RegisterUnameScreen.js" path="/Users/patrickkiehlmann/Desktop/Uni/Y3/PDS/sh29-main/TwoRoads/src/screens/RegisterScreens/RegisterUnameScreen.js">
        <metrics statements="8" coveredstatements="8" conditionals="0" coveredconditionals="0" methods="3" coveredmethods="3"/>
        <line num="7" count="1" type="stmt"/>
        <line num="8" count="5" type="stmt"/>
        <line num="11" count="5" type="stmt"/>
        <line num="12" count="1" type="stmt"/>
        <line num="15" count="5" type="stmt"/>
        <line num="16" count="1" type="stmt"/>
        <line num="17" count="1" type="stmt"/>
        <line num="20" count="5" type="stmt"/>
      </file>
    </package>
  </project>
</coverage>
