{"/Users/patrickkiehlmann/Desktop/Uni/Y3/PDS/sh29-main/TwoRoads/App.js": {"path":"/Users/patrickkiehlmann/Desktop/Uni/Y3/PDS/sh29-main/TwoRoads/App.js","statementMap":{"0":{"start":{"line":11,"column":38},"end":{"line":11,"column":53}},"1":{"start":{"line":13,"column":2},"end":{"line":50,"column":9}},"2":{"start":{"line":15,"column":6},"end":{"line":46,"column":7}},"3":{"start":{"line":17,"column":8},"end":{"line":17,"column":44}},"4":{"start":{"line":20,"column":8},"end":{"line":27,"column":11}},"5":{"start":{"line":30,"column":8},"end":{"line":40,"column":9}},"6":{"start":{"line":31,"column":10},"end":{"line":31,"column":62}},"7":{"start":{"line":32,"column":21},"end":{"line":32,"column":46}},"8":{"start":{"line":33,"column":10},"end":{"line":33,"column":62}},"9":{"start":{"line":35,"column":10},"end":{"line":35,"column":44}},"10":{"start":{"line":36,"column":10},"end":{"line":36,"column":33}},"11":{"start":{"line":37,"column":10},"end":{"line":37,"column":66}},"12":{"start":{"line":39,"column":10},"end":{"line":39,"column":64}},"13":{"start":{"line":42,"column":8},"end":{"line":42,"column":24}},"14":{"start":{"line":45,"column":8},"end":{"line":45,"column":28}},"15":{"start":{"line":49,"column":4},"end":{"line":49,"column":14}},"16":{"start":{"line":52,"column":2},"end":{"line":54,"column":3}},"17":{"start":{"line":53,"column":4},"end":{"line":53,"column":16}},"18":{"start":{"line":57,"column":2},"end":{"line":57,"column":27}},"19":{"start":{"line":59,"column":2},"end":{"line":63,"column":4}}},"fnMap":{"0":{"name":"App","decl":{"start":{"line":10,"column":24},"end":{"line":10,"column":27}},"loc":{"start":{"line":10,"column":30},"end":{"line":64,"column":1}},"line":10},"1":{"name":"(anonymous_1)","decl":{"start":{"line":13,"column":12},"end":{"line":13,"column":13}},"loc":{"start":{"line":13,"column":18},"end":{"line":50,"column":3}},"line":13},"2":{"name":"prepare","decl":{"start":{"line":14,"column":19},"end":{"line":14,"column":26}},"loc":{"start":{"line":14,"column":29},"end":{"line":47,"column":5}},"line":14}},"branchMap":{"0":{"loc":{"start":{"line":52,"column":2},"end":{"line":54,"column":3}},"type":"if","locations":[{"start":{"line":52,"column":2},"end":{"line":54,"column":3}},{"start":{},"end":{}}],"line":52}},"s":{"0":2,"1":2,"2":1,"3":1,"4":1,"5":1,"6":1,"7":1,"8":1,"9":1,"10":1,"11":1,"12":0,"13":0,"14":1,"15":1,"16":2,"17":1,"18":1,"19":1},"f":{"0":2,"1":1,"2":1},"b":{"0":[1,1]},"_coverageSchema":"1a1c01bbd47fc00a2c39e90264f33305004495a9","hash":"1656752b563a79328b6d9bb390a8b49b60bf0eed"}
,"/Users/patrickkiehlmann/Desktop/Uni/Y3/PDS/sh29-main/TwoRoads/src/assets/background.png": {"path":"/Users/patrickkiehlmann/Desktop/Uni/Y3/PDS/sh29-main/TwoRoads/src/assets/background.png","statementMap":{"0":{"start":{"line":1,"column":0},"end":{"line":1,"column":19}}},"fnMap":{},"branchMap":{},"s":{"0":1},"f":{},"b":{},"_coverageSchema":"1a1c01bbd47fc00a2c39e90264f33305004495a9","hash":"3059ccaf109b025f3bc335bf4e543b034df25341"}
,"/Users/patrickkiehlmann/Desktop/Uni/Y3/PDS/sh29-main/TwoRoads/src/assets/connectionsBackground.png": {"path":"/Users/patrickkiehlmann/Desktop/Uni/Y3/PDS/sh29-main/TwoRoads/src/assets/connectionsBackground.png","statementMap":{"0":{"start":{"line":1,"column":0},"end":{"line":1,"column":19}}},"fnMap":{},"branchMap":{},"s":{"0":1},"f":{},"b":{},"_coverageSchema":"1a1c01bbd47fc00a2c39e90264f33305004495a9","hash":"9bab1228fb9168e54d808fcdc5aa9d9c3dfb7a42"}
,"/Users/patrickkiehlmann/Desktop/Uni/Y3/PDS/sh29-main/TwoRoads/src/assets/gratitudeBackground.png": {"path":"/Users/patrickkiehlmann/Desktop/Uni/Y3/PDS/sh29-main/TwoRoads/src/assets/gratitudeBackground.png","statementMap":{"0":{"start":{"line":1,"column":0},"end":{"line":1,"column":19}}},"fnMap":{},"branchMap":{},"s":{"0":1},"f":{},"b":{},"_coverageSchema":"1a1c01bbd47fc00a2c39e90264f33305004495a9","hash":"f95e1970b126a52c17670f605ffa4b7e6ba976cc"}
,"/Users/patrickkiehlmann/Desktop/Uni/Y3/PDS/sh29-main/TwoRoads/src/assets/hedonicBackground.png": {"path":"/Users/patrickkiehlmann/Desktop/Uni/Y3/PDS/sh29-main/TwoRoads/src/assets/hedonicBackground.png","statementMap":{"0":{"start":{"line":1,"column":0},"end":{"line":1,"column":19}}},"fnMap":{},"branchMap":{},"s":{"0":1},"f":{},"b":{},"_coverageSchema":"1a1c01bbd47fc00a2c39e90264f33305004495a9","hash":"ed49230fd7c16c7274492b40dd742e5de5512174"}
,"/Users/patrickkiehlmann/Desktop/Uni/Y3/PDS/sh29-main/TwoRoads/src/assets/kindnessBackground.png": {"path":"/Users/patrickkiehlmann/Desktop/Uni/Y3/PDS/sh29-main/TwoRoads/src/assets/kindnessBackground.png","statementMap":{"0":{"start":{"line":1,"column":0},"end":{"line":1,"column":19}}},"fnMap":{},"branchMap":{},"s":{"0":1},"f":{},"b":{},"_coverageSchema":"1a1c01bbd47fc00a2c39e90264f33305004495a9","hash":"6c4d4be7a7d4cdb7838b0ce065769d0c3ffa55b3"}
,"/Users/patrickkiehlmann/Desktop/Uni/Y3/PDS/sh29-main/TwoRoads/src/assets/twoRoads.png": {"path":"/Users/patrickkiehlmann/Desktop/Uni/Y3/PDS/sh29-main/TwoRoads/src/assets/twoRoads.png","statementMap":{"0":{"start":{"line":1,"column":0},"end":{"line":1,"column":19}}},"fnMap":{},"branchMap":{},"s":{"0":13},"f":{},"b":{},"_coverageSchema":"1a1c01bbd47fc00a2c39e90264f33305004495a9","hash":"8bf0b8b0c9becf62baab39c137d8eb67fd0ebd90"}
,"/Users/patrickkiehlmann/Desktop/Uni/Y3/PDS/sh29-main/TwoRoads/src/assets/fonts/Lora-Bold.ttf": {"path":"/Users/patrickkiehlmann/Desktop/Uni/Y3/PDS/sh29-main/TwoRoads/src/assets/fonts/Lora-Bold.ttf","statementMap":{"0":{"start":{"line":1,"column":0},"end":{"line":1,"column":19}}},"fnMap":{},"branchMap":{},"s":{"0":1},"f":{},"b":{},"_coverageSchema":"1a1c01bbd47fc00a2c39e90264f33305004495a9","hash":"c997a31bffe5c41c55d48fb9febcd2c3bee4e064"}
,"/Users/patrickkiehlmann/Desktop/Uni/Y3/PDS/sh29-main/TwoRoads/src/assets/fonts/Lora-Regular.ttf": {"path":"/Users/patrickkiehlmann/Desktop/Uni/Y3/PDS/sh29-main/TwoRoads/src/assets/fonts/Lora-Regular.ttf","statementMap":{"0":{"start":{"line":1,"column":0},"end":{"line":1,"column":19}}},"fnMap":{},"branchMap":{},"s":{"0":1},"f":{},"b":{},"_coverageSchema":"1a1c01bbd47fc00a2c39e90264f33305004495a9","hash":"6a9442f45038effcb121dcef810cf99fdc218e85"}
,"/Users/patrickkiehlmann/Desktop/Uni/Y3/PDS/sh29-main/TwoRoads/src/assets/fonts/Nunito-Bold.ttf": {"path":"/Users/patrickkiehlmann/Desktop/Uni/Y3/PDS/sh29-main/TwoRoads/src/assets/fonts/Nunito-Bold.ttf","statementMap":{"0":{"start":{"line":1,"column":0},"end":{"line":1,"column":19}}},"fnMap":{},"branchMap":{},"s":{"0":1},"f":{},"b":{},"_coverageSchema":"1a1c01bbd47fc00a2c39e90264f33305004495a9","hash":"791176ddb7d560d1d6f132084f393acb0302f1ee"}
,"/Users/patrickkiehlmann/Desktop/Uni/Y3/PDS/sh29-main/TwoRoads/src/assets/fonts/Nunito-ExtraLight.ttf": {"path":"/Users/patrickkiehlmann/Desktop/Uni/Y3/PDS/sh29-main/TwoRoads/src/assets/fonts/Nunito-ExtraLight.ttf","statementMap":{"0":{"start":{"line":1,"column":0},"end":{"line":1,"column":19}}},"fnMap":{},"branchMap":{},"s":{"0":1},"f":{},"b":{},"_coverageSchema":"1a1c01bbd47fc00a2c39e90264f33305004495a9","hash":"491c54ca73ca629b9417352a170a723a53745273"}
,"/Users/patrickkiehlmann/Desktop/Uni/Y3/PDS/sh29-main/TwoRoads/src/assets/fonts/Nunito-SemiBold.ttf": {"path":"/Users/patrickkiehlmann/Desktop/Uni/Y3/PDS/sh29-main/TwoRoads/src/assets/fonts/Nunito-SemiBold.ttf","statementMap":{"0":{"start":{"line":1,"column":0},"end":{"line":1,"column":19}}},"fnMap":{},"branchMap":{},"s":{"0":1},"f":{},"b":{},"_coverageSchema":"1a1c01bbd47fc00a2c39e90264f33305004495a9","hash":"b03a12a665ce7545516bcb7ef001bbfa7e1e8735"}
,"/Users/patrickkiehlmann/Desktop/Uni/Y3/PDS/sh29-main/TwoRoads/src/assets/fonts/arial.ttf": {"path":"/Users/patrickkiehlmann/Desktop/Uni/Y3/PDS/sh29-main/TwoRoads/src/assets/fonts/arial.ttf","statementMap":{"0":{"start":{"line":1,"column":0},"end":{"line":1,"column":19}}},"fnMap":{},"branchMap":{},"s":{"0":1},"f":{},"b":{},"_coverageSchema":"1a1c01bbd47fc00a2c39e90264f33305004495a9","hash":"fef2d671c8020e5ee8e7f60e097016c5f56a4e43"}
,"/Users/patrickkiehlmann/Desktop/Uni/Y3/PDS/sh29-main/TwoRoads/src/components/Footer/index.js": {"path":"/Users/patrickkiehlmann/Desktop/Uni/Y3/PDS/sh29-main/TwoRoads/src/components/Footer/index.js","statementMap":{"0":{"start":{"line":7,"column":15},"end":{"line":17,"column":1}},"1":{"start":{"line":8,"column":2},"end":{"line":16,"column":4}}},"fnMap":{"0":{"name":"(anonymous_0)","decl":{"start":{"line":7,"column":15},"end":{"line":7,"column":16}},"loc":{"start":{"line":7,"column":21},"end":{"line":17,"column":1}},"line":7}},"branchMap":{},"s":{"0":8,"1":48},"f":{"0":48},"b":{},"_coverageSchema":"1a1c01bbd47fc00a2c39e90264f33305004495a9","hash":"85cd1517588bf07135c41f99da86eb82378ebd0d"}
,"/Users/patrickkiehlmann/Desktop/Uni/Y3/PDS/sh29-main/TwoRoads/src/components/Header/LoginHeader.js": {"path":"/Users/patrickkiehlmann/Desktop/Uni/Y3/PDS/sh29-main/TwoRoads/src/components/Header/LoginHeader.js","statementMap":{"0":{"start":{"line":7,"column":20},"end":{"line":16,"column":1}},"1":{"start":{"line":8,"column":2},"end":{"line":15,"column":4}}},"fnMap":{"0":{"name":"(anonymous_0)","decl":{"start":{"line":7,"column":20},"end":{"line":7,"column":21}},"loc":{"start":{"line":7,"column":26},"end":{"line":16,"column":1}},"line":7}},"branchMap":{},"s":{"0":5,"1":88},"f":{"0":88},"b":{},"_coverageSchema":"1a1c01bbd47fc00a2c39e90264f33305004495a9","hash":"c553aa038fdea04fd90f974a531139c151c6ded0"}
,"/Users/patrickkiehlmann/Desktop/Uni/Y3/PDS/sh29-main/TwoRoads/src/components/Header/index.js": {"path":"/Users/patrickkiehlmann/Desktop/Uni/Y3/PDS/sh29-main/TwoRoads/src/components/Header/index.js","statementMap":{"0":{"start":{"line":8,"column":20},"end":{"line":14,"column":1}},"1":{"start":{"line":9,"column":2},"end":{"line":13,"column":3}},"2":{"start":{"line":10,"column":4},"end":{"line":10,"column":54}},"3":{"start":{"line":12,"column":4},"end":{"line":12,"column":48}},"4":{"start":{"line":16,"column":15},"end":{"line":55,"column":1}},"5":{"start":{"line":17,"column":34},"end":{"line":17,"column":46}},"6":{"start":{"line":18,"column":22},"end":{"line":18,"column":32}},"7":{"start":{"line":19,"column":18},"end":{"line":19,"column":69}},"8":{"start":{"line":20,"column":24},"end":{"line":20,"column":72}},"9":{"start":{"line":22,"column":30},"end":{"line":24,"column":3}},"10":{"start":{"line":23,"column":4},"end":{"line":23,"column":36}},"11":{"start":{"line":26,"column":2},"end":{"line":33,"column":9}},"12":{"start":{"line":27,"column":26},"end":{"line":30,"column":5}},"13":{"start":{"line":28,"column":32},"end":{"line":28,"column":51}},"14":{"start":{"line":29,"column":6},"end":{"line":29,"column":48}},"15":{"start":{"line":32,"column":4},"end":{"line":32,"column":20}},"16":{"start":{"line":35,"column":2},"end":{"line":54,"column":4}}},"fnMap":{"0":{"name":"(anonymous_0)","decl":{"start":{"line":8,"column":20},"end":{"line":8,"column":21}},"loc":{"start":{"line":8,"column":32},"end":{"line":14,"column":1}},"line":8},"1":{"name":"(anonymous_1)","decl":{"start":{"line":16,"column":15},"end":{"line":16,"column":16}},"loc":{"start":{"line":16,"column":42},"end":{"line":55,"column":1}},"line":16},"2":{"name":"(anonymous_2)","decl":{"start":{"line":22,"column":30},"end":{"line":22,"column":31}},"loc":{"start":{"line":22,"column":36},"end":{"line":24,"column":3}},"line":22},"3":{"name":"(anonymous_3)","decl":{"start":{"line":26,"column":12},"end":{"line":26,"column":13}},"loc":{"start":{"line":26,"column":18},"end":{"line":33,"column":3}},"line":26},"4":{"name":"(anonymous_4)","decl":{"start":{"line":27,"column":26},"end":{"line":27,"column":27}},"loc":{"start":{"line":27,"column":38},"end":{"line":30,"column":5}},"line":27}},"branchMap":{"0":{"loc":{"start":{"line":29,"column":18},"end":{"line":29,"column":46}},"type":"binary-expr","locations":[{"start":{"line":29,"column":18},"end":{"line":29,"column":35}},{"start":{"line":29,"column":39},"end":{"line":29,"column":46}}],"line":29}},"s":{"0":2,"1":9,"2":9,"3":0,"4":2,"5":18,"6":18,"7":18,"8":18,"9":18,"10":1,"11":18,"12":9,"13":9,"14":9,"15":9,"16":18},"f":{"0":9,"1":18,"2":1,"3":9,"4":9},"b":{"0":[9,6]},"_coverageSchema":"1a1c01bbd47fc00a2c39e90264f33305004495a9","hash":"088fdbaa6b41af8d3684aa7d7d1c1de3cf1be422"}
,"/Users/patrickkiehlmann/Desktop/Uni/Y3/PDS/sh29-main/TwoRoads/src/components/Header/inputScreenHeader.js": {"path":"/Users/patrickkiehlmann/Desktop/Uni/Y3/PDS/sh29-main/TwoRoads/src/components/Header/inputScreenHeader.js","statementMap":{"0":{"start":{"line":7,"column":26},"end":{"line":27,"column":1}},"1":{"start":{"line":8,"column":21},"end":{"line":8,"column":36}},"2":{"start":{"line":9,"column":16},"end":{"line":9,"column":26}},"3":{"start":{"line":11,"column":27},"end":{"line":13,"column":3}},"4":{"start":{"line":12,"column":4},"end":{"line":12,"column":32}},"5":{"start":{"line":15,"column":2},"end":{"line":26,"column":4}}},"fnMap":{"0":{"name":"(anonymous_0)","decl":{"start":{"line":7,"column":26},"end":{"line":7,"column":27}},"loc":{"start":{"line":7,"column":48},"end":{"line":27,"column":1}},"line":7},"1":{"name":"(anonymous_1)","decl":{"start":{"line":11,"column":27},"end":{"line":11,"column":28}},"loc":{"start":{"line":11,"column":33},"end":{"line":13,"column":3}},"line":11}},"branchMap":{},"s":{"0":5,"1":40,"2":40,"3":40,"4":1,"5":40},"f":{"0":40,"1":1},"b":{},"_coverageSchema":"1a1c01bbd47fc00a2c39e90264f33305004495a9","hash":"4c408f6c15278ee73a3392fc12ff57b6ecced5d0"}
,"/Users/patrickkiehlmann/Desktop/Uni/Y3/PDS/sh29-main/TwoRoads/src/components/Layout/HomeLayout.js": {"path":"/Users/patrickkiehlmann/Desktop/Uni/Y3/PDS/sh29-main/TwoRoads/src/components/Layout/HomeLayout.js","statementMap":{"0":{"start":{"line":11,"column":19},"end":{"line":26,"column":1}},"1":{"start":{"line":12,"column":2},"end":{"line":25,"column":4}}},"fnMap":{"0":{"name":"(anonymous_0)","decl":{"start":{"line":11,"column":19},"end":{"line":11,"column":20}},"loc":{"start":{"line":11,"column":49},"end":{"line":26,"column":1}},"line":11}},"branchMap":{},"s":{"0":2,"1":8},"f":{"0":8},"b":{},"_coverageSchema":"1a1c01bbd47fc00a2c39e90264f33305004495a9","hash":"3f89e8f8f083dcb2168cb91962ab40d172f6fe5a"}
,"/Users/patrickkiehlmann/Desktop/Uni/Y3/PDS/sh29-main/TwoRoads/src/components/Layout/index.js": {"path":"/Users/patrickkiehlmann/Desktop/Uni/Y3/PDS/sh29-main/TwoRoads/src/components/Layout/index.js","statementMap":{"0":{"start":{"line":7,"column":15},"end":{"line":14,"column":1}},"1":{"start":{"line":8,"column":2},"end":{"line":13,"column":4}},"2":{"start":{"line":16,"column":15},"end":{"line":24,"column":2}}},"fnMap":{"0":{"name":"(anonymous_0)","decl":{"start":{"line":7,"column":15},"end":{"line":7,"column":16}},"loc":{"start":{"line":7,"column":33},"end":{"line":14,"column":1}},"line":7}},"branchMap":{},"s":{"0":6,"1":43,"2":6},"f":{"0":43},"b":{},"_coverageSchema":"1a1c01bbd47fc00a2c39e90264f33305004495a9","hash":"fe6654020f15d2b55995bc1d0fb75af1bc69bdfb"}
,"/Users/patrickkiehlmann/Desktop/Uni/Y3/PDS/sh29-main/TwoRoads/src/components/Styles/stylesheet.js": {"path":"/Users/patrickkiehlmann/Desktop/Uni/Y3/PDS/sh29-main/TwoRoads/src/components/Styles/stylesheet.js","statementMap":{"0":{"start":{"line":4,"column":13},"end":{"line":4,"column":22}},"1":{"start":{"line":5,"column":14},"end":{"line":5,"column":23}},"2":{"start":{"line":9,"column":21},"end":{"line":9,"column":30}},"3":{"start":{"line":10,"column":15},"end":{"line":10,"column":24}},"4":{"start":{"line":13,"column":18},"end":{"line":13,"column":42}},"5":{"start":{"line":15,"column":15},"end":{"line":566,"column":1}}},"fnMap":{},"branchMap":{},"s":{"0":18,"1":18,"2":18,"3":18,"4":18,"5":18},"f":{},"b":{},"_coverageSchema":"1a1c01bbd47fc00a2c39e90264f33305004495a9","hash":"2e4656c0b5bf3b49b54a69bf1f4d76791a71a794"}
,"/Users/patrickkiehlmann/Desktop/Uni/Y3/PDS/sh29-main/TwoRoads/src/components/interactiveComps/ButtonToLeaveTextBox.js": {"path":"/Users/patrickkiehlmann/Desktop/Uni/Y3/PDS/sh29-main/TwoRoads/src/components/interactiveComps/ButtonToLeaveTextBox.js","statementMap":{"0":{"start":{"line":12,"column":22},"end":{"line":25,"column":1}},"1":{"start":{"line":13,"column":22},"end":{"line":16,"column":3}},"2":{"start":{"line":14,"column":4},"end":{"line":14,"column":23}},"3":{"start":{"line":15,"column":4},"end":{"line":15,"column":37}},"4":{"start":{"line":15,"column":22},"end":{"line":15,"column":37}},"5":{"start":{"line":18,"column":2},"end":{"line":24,"column":4}},"6":{"start":{"line":27,"column":15},"end":{"line":43,"column":2}}},"fnMap":{"0":{"name":"(anonymous_0)","decl":{"start":{"line":12,"column":22},"end":{"line":12,"column":23}},"loc":{"start":{"line":12,"column":44},"end":{"line":25,"column":1}},"line":12},"1":{"name":"(anonymous_1)","decl":{"start":{"line":13,"column":22},"end":{"line":13,"column":23}},"loc":{"start":{"line":13,"column":28},"end":{"line":16,"column":3}},"line":13}},"branchMap":{"0":{"loc":{"start":{"line":15,"column":4},"end":{"line":15,"column":37}},"type":"if","locations":[{"start":{"line":15,"column":4},"end":{"line":15,"column":37}},{"start":{},"end":{}}],"line":15}},"s":{"0":1,"1":3,"2":2,"3":2,"4":1,"5":3,"6":1},"f":{"0":3,"1":2},"b":{"0":[1,1]},"_coverageSchema":"1a1c01bbd47fc00a2c39e90264f33305004495a9","hash":"36b6f6742c86910bdcf2b7c301d6f84fbf46708b"}
,"/Users/patrickkiehlmann/Desktop/Uni/Y3/PDS/sh29-main/TwoRoads/src/components/interactiveComps/SubmitButton.js": {"path":"/Users/patrickkiehlmann/Desktop/Uni/Y3/PDS/sh29-main/TwoRoads/src/components/interactiveComps/SubmitButton.js","statementMap":{"0":{"start":{"line":6,"column":21},"end":{"line":12,"column":1}},"1":{"start":{"line":7,"column":2},"end":{"line":11,"column":4}},"2":{"start":{"line":14,"column":15},"end":{"line":31,"column":2}}},"fnMap":{"0":{"name":"(anonymous_0)","decl":{"start":{"line":6,"column":21},"end":{"line":6,"column":22}},"loc":{"start":{"line":6,"column":58},"end":{"line":12,"column":1}},"line":6}},"branchMap":{},"s":{"0":5,"1":39,"2":5},"f":{"0":39},"b":{},"_coverageSchema":"1a1c01bbd47fc00a2c39e90264f33305004495a9","hash":"2876640d5e7e59057c4b53d1e342b63259880d00"}
,"/Users/patrickkiehlmann/Desktop/Uni/Y3/PDS/sh29-main/TwoRoads/src/components/interactiveComps/TextBox.js": {"path":"/Users/patrickkiehlmann/Desktop/Uni/Y3/PDS/sh29-main/TwoRoads/src/components/interactiveComps/TextBox.js","statementMap":{"0":{"start":{"line":8,"column":16},"end":{"line":21,"column":1}},"1":{"start":{"line":9,"column":2},"end":{"line":20,"column":4}}},"fnMap":{"0":{"name":"(anonymous_0)","decl":{"start":{"line":8,"column":16},"end":{"line":8,"column":17}},"loc":{"start":{"line":8,"column":74},"end":{"line":21,"column":1}},"line":8}},"branchMap":{"0":{"loc":{"start":{"line":16,"column":21},"end":{"line":16,"column":50}},"type":"binary-expr","locations":[{"start":{"line":16,"column":21},"end":{"line":16,"column":32}},{"start":{"line":16,"column":36},"end":{"line":16,"column":50}}],"line":16}},"s":{"0":5,"1":160},"f":{"0":160},"b":{"0":[160,0]},"_coverageSchema":"1a1c01bbd47fc00a2c39e90264f33305004495a9","hash":"86a32f25746f93064d2853f267bcaeee1064ce49"}
,"/Users/patrickkiehlmann/Desktop/Uni/Y3/PDS/sh29-main/TwoRoads/src/database/connectionActs.js": {"path":"/Users/patrickkiehlmann/Desktop/Uni/Y3/PDS/sh29-main/TwoRoads/src/database/connectionActs.js","statementMap":{"0":{"start":{"line":1,"column":35},"end":{"line":43,"column":1}},"1":{"start":{"line":10,"column":22},"end":{"line":13,"column":5}},"2":{"start":{"line":15,"column":2},"end":{"line":42,"column":4}},"3":{"start":{"line":17,"column":6},"end":{"line":31,"column":8}},"4":{"start":{"line":21,"column":10},"end":{"line":23,"column":11}},"5":{"start":{"line":22,"column":12},"end":{"line":22,"column":33}},"6":{"start":{"line":26,"column":10},"end":{"line":28,"column":11}},"7":{"start":{"line":27,"column":12},"end":{"line":27,"column":27}},"8":{"start":{"line":29,"column":10},"end":{"line":29,"column":23}},"9":{"start":{"line":34,"column":6},"end":{"line":34,"column":50}},"10":{"start":{"line":35,"column":6},"end":{"line":37,"column":7}},"11":{"start":{"line":36,"column":8},"end":{"line":36,"column":23}},"12":{"start":{"line":40,"column":6},"end":{"line":40,"column":68}},"13":{"start":{"line":45,"column":38},"end":{"line":59,"column":1}},"14":{"start":{"line":46,"column":2},"end":{"line":58,"column":5}},"15":{"start":{"line":47,"column":4},"end":{"line":57,"column":7}},"16":{"start":{"line":48,"column":6},"end":{"line":56,"column":8}},"17":{"start":{"line":51,"column":25},"end":{"line":51,"column":45}},"18":{"start":{"line":53,"column":10},"end":{"line":53,"column":74}},"19":{"start":{"line":54,"column":10},"end":{"line":54,"column":24}},"20":{"start":{"line":61,"column":40},"end":{"line":77,"column":1}},"21":{"start":{"line":62,"column":2},"end":{"line":76,"column":5}},"22":{"start":{"line":63,"column":4},"end":{"line":75,"column":7}},"23":{"start":{"line":64,"column":6},"end":{"line":74,"column":8}},"24":{"start":{"line":68,"column":10},"end":{"line":68,"column":26}},"25":{"start":{"line":71,"column":10},"end":{"line":71,"column":24}},"26":{"start":{"line":72,"column":10},"end":{"line":72,"column":22}}},"fnMap":{"0":{"name":"(anonymous_0)","decl":{"start":{"line":1,"column":35},"end":{"line":1,"column":36}},"loc":{"start":{"line":9,"column":5},"end":{"line":43,"column":1}},"line":9},"1":{"name":"(anonymous_1)","decl":{"start":{"line":16,"column":4},"end":{"line":16,"column":5}},"loc":{"start":{"line":16,"column":12},"end":{"line":32,"column":5}},"line":16},"2":{"name":"(anonymous_2)","decl":{"start":{"line":20,"column":8},"end":{"line":20,"column":9}},"loc":{"start":{"line":20,"column":26},"end":{"line":24,"column":9}},"line":20},"3":{"name":"(anonymous_3)","decl":{"start":{"line":25,"column":8},"end":{"line":25,"column":9}},"loc":{"start":{"line":25,"column":22},"end":{"line":30,"column":9}},"line":25},"4":{"name":"(anonymous_4)","decl":{"start":{"line":33,"column":4},"end":{"line":33,"column":5}},"loc":{"start":{"line":33,"column":15},"end":{"line":38,"column":5}},"line":33},"5":{"name":"(anonymous_5)","decl":{"start":{"line":39,"column":4},"end":{"line":39,"column":5}},"loc":{"start":{"line":39,"column":10},"end":{"line":41,"column":5}},"line":39},"6":{"name":"(anonymous_6)","decl":{"start":{"line":45,"column":38},"end":{"line":45,"column":39}},"loc":{"start":{"line":45,"column":46},"end":{"line":59,"column":1}},"line":45},"7":{"name":"(anonymous_7)","decl":{"start":{"line":46,"column":21},"end":{"line":46,"column":22}},"loc":{"start":{"line":46,"column":42},"end":{"line":58,"column":3}},"line":46},"8":{"name":"(anonymous_8)","decl":{"start":{"line":47,"column":19},"end":{"line":47,"column":20}},"loc":{"start":{"line":47,"column":27},"end":{"line":57,"column":5}},"line":47},"9":{"name":"(anonymous_9)","decl":{"start":{"line":51,"column":8},"end":{"line":51,"column":9}},"loc":{"start":{"line":51,"column":25},"end":{"line":51,"column":45}},"line":51},"10":{"name":"(anonymous_10)","decl":{"start":{"line":52,"column":8},"end":{"line":52,"column":9}},"loc":{"start":{"line":52,"column":22},"end":{"line":55,"column":9}},"line":52},"11":{"name":"(anonymous_11)","decl":{"start":{"line":61,"column":40},"end":{"line":61,"column":41}},"loc":{"start":{"line":61,"column":68},"end":{"line":77,"column":1}},"line":61},"12":{"name":"(anonymous_12)","decl":{"start":{"line":62,"column":21},"end":{"line":62,"column":22}},"loc":{"start":{"line":62,"column":42},"end":{"line":76,"column":3}},"line":62},"13":{"name":"(anonymous_13)","decl":{"start":{"line":63,"column":19},"end":{"line":63,"column":20}},"loc":{"start":{"line":63,"column":27},"end":{"line":75,"column":5}},"line":63},"14":{"name":"(anonymous_14)","decl":{"start":{"line":67,"column":8},"end":{"line":67,"column":9}},"loc":{"start":{"line":67,"column":37},"end":{"line":69,"column":9}},"line":67},"15":{"name":"(anonymous_15)","decl":{"start":{"line":70,"column":8},"end":{"line":70,"column":9}},"loc":{"start":{"line":70,"column":22},"end":{"line":73,"column":9}},"line":70}},"branchMap":{"0":{"loc":{"start":{"line":21,"column":10},"end":{"line":23,"column":11}},"type":"if","locations":[{"start":{"line":21,"column":10},"end":{"line":23,"column":11}},{"start":{},"end":{}}],"line":21},"1":{"loc":{"start":{"line":26,"column":10},"end":{"line":28,"column":11}},"type":"if","locations":[{"start":{"line":26,"column":10},"end":{"line":28,"column":11}},{"start":{},"end":{}}],"line":26},"2":{"loc":{"start":{"line":35,"column":6},"end":{"line":37,"column":7}},"type":"if","locations":[{"start":{"line":35,"column":6},"end":{"line":37,"column":7}},{"start":{},"end":{}}],"line":35}},"s":{"0":2,"1":1,"2":1,"3":1,"4":0,"5":0,"6":0,"7":0,"8":0,"9":0,"10":0,"11":0,"12":1,"13":2,"14":1,"15":1,"16":1,"17":0,"18":0,"19":0,"20":2,"21":1,"22":1,"23":1,"24":0,"25":0,"26":0},"f":{"0":1,"1":1,"2":0,"3":0,"4":0,"5":1,"6":1,"7":1,"8":1,"9":0,"10":0,"11":1,"12":1,"13":1,"14":0,"15":0},"b":{"0":[0,0],"1":[0,0],"2":[0,0]},"_coverageSchema":"1a1c01bbd47fc00a2c39e90264f33305004495a9","hash":"ca9b2d9bd2e1a47177935bc351fa248ba44e94f9"}
,"/Users/patrickkiehlmann/Desktop/Uni/Y3/PDS/sh29-main/TwoRoads/src/database/dataRemovalUtil.js": {"path":"/Users/patrickkiehlmann/Desktop/Uni/Y3/PDS/sh29-main/TwoRoads/src/database/dataRemovalUtil.js","statementMap":{"0":{"start":{"line":6,"column":29},"end":{"line":30,"column":1}},"1":{"start":{"line":7,"column":17},"end":{"line":12,"column":3}},"2":{"start":{"line":14,"column":2},"end":{"line":29,"column":5}},"3":{"start":{"line":15,"column":4},"end":{"line":28,"column":7}},"4":{"start":{"line":16,"column":6},"end":{"line":27,"column":8}},"5":{"start":{"line":21,"column":10},"end":{"line":24,"column":12}},"6":{"start":{"line":25,"column":10},"end":{"line":25,"column":22}},"7":{"start":{"line":33,"column":32},"end":{"line":38,"column":1}},"8":{"start":{"line":34,"column":15},"end":{"line":34,"column":34}},"9":{"start":{"line":35,"column":2},"end":{"line":37,"column":3}},"10":{"start":{"line":36,"column":4},"end":{"line":36,"column":43}},"11":{"start":{"line":40,"column":33},"end":{"line":44,"column":1}},"12":{"start":{"line":41,"column":2},"end":{"line":41,"column":27}},"13":{"start":{"line":42,"column":13},"end":{"line":42,"column":38}},"14":{"start":{"line":43,"column":2},"end":{"line":43,"column":26}}},"fnMap":{"0":{"name":"(anonymous_0)","decl":{"start":{"line":6,"column":29},"end":{"line":6,"column":30}},"loc":{"start":{"line":6,"column":43},"end":{"line":30,"column":1}},"line":6},"1":{"name":"(anonymous_1)","decl":{"start":{"line":14,"column":17},"end":{"line":14,"column":18}},"loc":{"start":{"line":14,"column":28},"end":{"line":29,"column":3}},"line":14},"2":{"name":"(anonymous_2)","decl":{"start":{"line":15,"column":19},"end":{"line":15,"column":20}},"loc":{"start":{"line":15,"column":27},"end":{"line":28,"column":5}},"line":15},"3":{"name":"(anonymous_3)","decl":{"start":{"line":19,"column":8},"end":{"line":19,"column":9}},"loc":{"start":{"line":19,"column":25},"end":{"line":19,"column":27}},"line":19},"4":{"name":"(anonymous_4)","decl":{"start":{"line":20,"column":8},"end":{"line":20,"column":9}},"loc":{"start":{"line":20,"column":22},"end":{"line":26,"column":9}},"line":20},"5":{"name":"(anonymous_5)","decl":{"start":{"line":33,"column":32},"end":{"line":33,"column":33}},"loc":{"start":{"line":33,"column":44},"end":{"line":38,"column":1}},"line":33},"6":{"name":"(anonymous_6)","decl":{"start":{"line":40,"column":33},"end":{"line":40,"column":34}},"loc":{"start":{"line":40,"column":45},"end":{"line":44,"column":1}},"line":40}},"branchMap":{},"s":{"0":1,"1":2,"2":2,"3":8,"4":8,"5":0,"6":0,"7":1,"8":2,"9":2,"10":4,"11":1,"12":1,"13":1,"14":1},"f":{"0":2,"1":8,"2":8,"3":0,"4":0,"5":2,"6":1},"b":{},"_coverageSchema":"1a1c01bbd47fc00a2c39e90264f33305004495a9","hash":"bb14eb82862697fad93e73039cc9c02a7a8c6dac"}
,"/Users/patrickkiehlmann/Desktop/Uni/Y3/PDS/sh29-main/TwoRoads/src/database/db.js": {"path":"/Users/patrickkiehlmann/Desktop/Uni/Y3/PDS/sh29-main/TwoRoads/src/database/db.js","statementMap":{"0":{"start":{"line":4,"column":33},"end":{"line":6,"column":1}},"1":{"start":{"line":5,"column":2},"end":{"line":5,"column":46}},"2":{"start":{"line":9,"column":28},"end":{"line":77,"column":1}},"3":{"start":{"line":10,"column":30},"end":{"line":19,"column":3}},"4":{"start":{"line":21,"column":31},"end":{"line":30,"column":3}},"5":{"start":{"line":32,"column":30},"end":{"line":40,"column":1}},"6":{"start":{"line":42,"column":30},"end":{"line":53,"column":3}},"7":{"start":{"line":55,"column":32},"end":{"line":63,"column":3}},"8":{"start":{"line":65,"column":2},"end":{"line":76,"column":4}},"9":{"start":{"line":67,"column":6},"end":{"line":67,"column":41}},"10":{"start":{"line":68,"column":6},"end":{"line":68,"column":42}},"11":{"start":{"line":69,"column":6},"end":{"line":69,"column":41}},"12":{"start":{"line":70,"column":6},"end":{"line":70,"column":41}},"13":{"start":{"line":71,"column":6},"end":{"line":71,"column":43}},"14":{"start":{"line":74,"column":6},"end":{"line":74,"column":54}}},"fnMap":{"0":{"name":"(anonymous_0)","decl":{"start":{"line":4,"column":33},"end":{"line":4,"column":34}},"loc":{"start":{"line":4,"column":39},"end":{"line":6,"column":1}},"line":4},"1":{"name":"(anonymous_1)","decl":{"start":{"line":9,"column":28},"end":{"line":9,"column":29}},"loc":{"start":{"line":9,"column":36},"end":{"line":77,"column":1}},"line":9},"2":{"name":"(anonymous_2)","decl":{"start":{"line":66,"column":4},"end":{"line":66,"column":5}},"loc":{"start":{"line":66,"column":12},"end":{"line":72,"column":5}},"line":66},"3":{"name":"(anonymous_3)","decl":{"start":{"line":73,"column":4},"end":{"line":73,"column":5}},"loc":{"start":{"line":73,"column":15},"end":{"line":75,"column":5}},"line":73}},"branchMap":{},"s":{"0":5,"1":0,"2":5,"3":1,"4":1,"5":1,"6":1,"7":1,"8":1,"9":1,"10":1,"11":1,"12":1,"13":1,"14":0},"f":{"0":0,"1":1,"2":1,"3":0},"b":{},"_coverageSchema":"1a1c01bbd47fc00a2c39e90264f33305004495a9","hash":"358f19243b7de681e668888e0948e8dd5c6782d6"}
,"/Users/patrickkiehlmann/Desktop/Uni/Y3/PDS/sh29-main/TwoRoads/src/database/gratitudeDiary.js": {"path":"/Users/patrickkiehlmann/Desktop/Uni/Y3/PDS/sh29-main/TwoRoads/src/database/gratitudeDiary.js","statementMap":{"0":{"start":{"line":2,"column":41},"end":{"line":55,"column":1}},"1":{"start":{"line":14,"column":22},"end":{"line":17,"column":3}},"2":{"start":{"line":19,"column":2},"end":{"line":54,"column":4}},"3":{"start":{"line":21,"column":6},"end":{"line":43,"column":8}},"4":{"start":{"line":33,"column":10},"end":{"line":35,"column":11}},"5":{"start":{"line":34,"column":12},"end":{"line":34,"column":33}},"6":{"start":{"line":38,"column":10},"end":{"line":40,"column":11}},"7":{"start":{"line":39,"column":12},"end":{"line":39,"column":27}},"8":{"start":{"line":41,"column":10},"end":{"line":41,"column":23}},"9":{"start":{"line":46,"column":6},"end":{"line":46,"column":50}},"10":{"start":{"line":47,"column":6},"end":{"line":49,"column":7}},"11":{"start":{"line":48,"column":8},"end":{"line":48,"column":23}},"12":{"start":{"line":52,"column":6},"end":{"line":52,"column":68}},"13":{"start":{"line":58,"column":43},"end":{"line":72,"column":1}},"14":{"start":{"line":59,"column":2},"end":{"line":71,"column":5}},"15":{"start":{"line":60,"column":4},"end":{"line":70,"column":7}},"16":{"start":{"line":61,"column":6},"end":{"line":69,"column":8}},"17":{"start":{"line":64,"column":25},"end":{"line":64,"column":45}},"18":{"start":{"line":66,"column":10},"end":{"line":66,"column":62}},"19":{"start":{"line":67,"column":10},"end":{"line":67,"column":24}},"20":{"start":{"line":74,"column":40},"end":{"line":90,"column":1}},"21":{"start":{"line":75,"column":2},"end":{"line":89,"column":5}},"22":{"start":{"line":76,"column":4},"end":{"line":88,"column":7}},"23":{"start":{"line":77,"column":6},"end":{"line":87,"column":8}},"24":{"start":{"line":81,"column":10},"end":{"line":81,"column":26}},"25":{"start":{"line":84,"column":10},"end":{"line":84,"column":24}},"26":{"start":{"line":85,"column":10},"end":{"line":85,"column":22}}},"fnMap":{"0":{"name":"(anonymous_0)","decl":{"start":{"line":2,"column":41},"end":{"line":2,"column":42}},"loc":{"start":{"line":13,"column":5},"end":{"line":55,"column":1}},"line":13},"1":{"name":"(anonymous_1)","decl":{"start":{"line":20,"column":4},"end":{"line":20,"column":5}},"loc":{"start":{"line":20,"column":12},"end":{"line":44,"column":5}},"line":20},"2":{"name":"(anonymous_2)","decl":{"start":{"line":32,"column":8},"end":{"line":32,"column":9}},"loc":{"start":{"line":32,"column":26},"end":{"line":36,"column":9}},"line":32},"3":{"name":"(anonymous_3)","decl":{"start":{"line":37,"column":8},"end":{"line":37,"column":9}},"loc":{"start":{"line":37,"column":22},"end":{"line":42,"column":9}},"line":37},"4":{"name":"(anonymous_4)","decl":{"start":{"line":45,"column":4},"end":{"line":45,"column":5}},"loc":{"start":{"line":45,"column":15},"end":{"line":50,"column":5}},"line":45},"5":{"name":"(anonymous_5)","decl":{"start":{"line":51,"column":4},"end":{"line":51,"column":5}},"loc":{"start":{"line":51,"column":10},"end":{"line":53,"column":5}},"line":51},"6":{"name":"(anonymous_6)","decl":{"start":{"line":58,"column":43},"end":{"line":58,"column":44}},"loc":{"start":{"line":58,"column":57},"end":{"line":72,"column":1}},"line":58},"7":{"name":"(anonymous_7)","decl":{"start":{"line":59,"column":21},"end":{"line":59,"column":22}},"loc":{"start":{"line":59,"column":42},"end":{"line":71,"column":3}},"line":59},"8":{"name":"(anonymous_8)","decl":{"start":{"line":60,"column":19},"end":{"line":60,"column":20}},"loc":{"start":{"line":60,"column":27},"end":{"line":70,"column":5}},"line":60},"9":{"name":"(anonymous_9)","decl":{"start":{"line":64,"column":8},"end":{"line":64,"column":9}},"loc":{"start":{"line":64,"column":25},"end":{"line":64,"column":45}},"line":64},"10":{"name":"(anonymous_10)","decl":{"start":{"line":65,"column":8},"end":{"line":65,"column":9}},"loc":{"start":{"line":65,"column":22},"end":{"line":68,"column":9}},"line":65},"11":{"name":"(anonymous_11)","decl":{"start":{"line":74,"column":40},"end":{"line":74,"column":41}},"loc":{"start":{"line":74,"column":68},"end":{"line":90,"column":1}},"line":74},"12":{"name":"(anonymous_12)","decl":{"start":{"line":75,"column":21},"end":{"line":75,"column":22}},"loc":{"start":{"line":75,"column":42},"end":{"line":89,"column":3}},"line":75},"13":{"name":"(anonymous_13)","decl":{"start":{"line":76,"column":19},"end":{"line":76,"column":20}},"loc":{"start":{"line":76,"column":27},"end":{"line":88,"column":5}},"line":76},"14":{"name":"(anonymous_14)","decl":{"start":{"line":80,"column":8},"end":{"line":80,"column":9}},"loc":{"start":{"line":80,"column":37},"end":{"line":82,"column":9}},"line":80},"15":{"name":"(anonymous_15)","decl":{"start":{"line":83,"column":8},"end":{"line":83,"column":9}},"loc":{"start":{"line":83,"column":22},"end":{"line":86,"column":9}},"line":83}},"branchMap":{"0":{"loc":{"start":{"line":33,"column":10},"end":{"line":35,"column":11}},"type":"if","locations":[{"start":{"line":33,"column":10},"end":{"line":35,"column":11}},{"start":{},"end":{}}],"line":33},"1":{"loc":{"start":{"line":38,"column":10},"end":{"line":40,"column":11}},"type":"if","locations":[{"start":{"line":38,"column":10},"end":{"line":40,"column":11}},{"start":{},"end":{}}],"line":38},"2":{"loc":{"start":{"line":47,"column":6},"end":{"line":49,"column":7}},"type":"if","locations":[{"start":{"line":47,"column":6},"end":{"line":49,"column":7}},{"start":{},"end":{}}],"line":47}},"s":{"0":2,"1":1,"2":1,"3":1,"4":0,"5":0,"6":0,"7":0,"8":0,"9":0,"10":0,"11":0,"12":1,"13":2,"14":1,"15":1,"16":1,"17":0,"18":0,"19":0,"20":2,"21":1,"22":1,"23":1,"24":0,"25":0,"26":0},"f":{"0":1,"1":1,"2":0,"3":0,"4":0,"5":1,"6":1,"7":1,"8":1,"9":0,"10":0,"11":1,"12":1,"13":1,"14":0,"15":0},"b":{"0":[0,0],"1":[0,0],"2":[0,0]},"_coverageSchema":"1a1c01bbd47fc00a2c39e90264f33305004495a9","hash":"7b728a9232b154d04c2978b5ed08e1af21e439f9"}
,"/Users/patrickkiehlmann/Desktop/Uni/Y3/PDS/sh29-main/TwoRoads/src/database/hedonicMoments.js": {"path":"/Users/patrickkiehlmann/Desktop/Uni/Y3/PDS/sh29-main/TwoRoads/src/database/hedonicMoments.js","statementMap":{"0":{"start":{"line":1,"column":35},"end":{"line":44,"column":1}},"1":{"start":{"line":11,"column":22},"end":{"line":14,"column":3}},"2":{"start":{"line":16,"column":2},"end":{"line":43,"column":4}},"3":{"start":{"line":18,"column":6},"end":{"line":32,"column":8}},"4":{"start":{"line":22,"column":10},"end":{"line":24,"column":11}},"5":{"start":{"line":23,"column":12},"end":{"line":23,"column":33}},"6":{"start":{"line":27,"column":10},"end":{"line":29,"column":11}},"7":{"start":{"line":28,"column":12},"end":{"line":28,"column":27}},"8":{"start":{"line":30,"column":10},"end":{"line":30,"column":23}},"9":{"start":{"line":35,"column":6},"end":{"line":35,"column":50}},"10":{"start":{"line":36,"column":6},"end":{"line":38,"column":7}},"11":{"start":{"line":37,"column":8},"end":{"line":37,"column":23}},"12":{"start":{"line":41,"column":6},"end":{"line":41,"column":68}},"13":{"start":{"line":47,"column":36},"end":{"line":61,"column":1}},"14":{"start":{"line":48,"column":2},"end":{"line":60,"column":5}},"15":{"start":{"line":49,"column":4},"end":{"line":59,"column":7}},"16":{"start":{"line":50,"column":6},"end":{"line":58,"column":8}},"17":{"start":{"line":53,"column":25},"end":{"line":53,"column":45}},"18":{"start":{"line":55,"column":10},"end":{"line":55,"column":71}},"19":{"start":{"line":56,"column":10},"end":{"line":56,"column":24}},"20":{"start":{"line":63,"column":40},"end":{"line":79,"column":1}},"21":{"start":{"line":64,"column":2},"end":{"line":78,"column":5}},"22":{"start":{"line":65,"column":4},"end":{"line":77,"column":7}},"23":{"start":{"line":66,"column":6},"end":{"line":76,"column":8}},"24":{"start":{"line":70,"column":10},"end":{"line":70,"column":26}},"25":{"start":{"line":73,"column":10},"end":{"line":73,"column":24}},"26":{"start":{"line":74,"column":10},"end":{"line":74,"column":22}}},"fnMap":{"0":{"name":"(anonymous_0)","decl":{"start":{"line":1,"column":35},"end":{"line":1,"column":36}},"loc":{"start":{"line":10,"column":5},"end":{"line":44,"column":1}},"line":10},"1":{"name":"(anonymous_1)","decl":{"start":{"line":17,"column":4},"end":{"line":17,"column":5}},"loc":{"start":{"line":17,"column":12},"end":{"line":33,"column":5}},"line":17},"2":{"name":"(anonymous_2)","decl":{"start":{"line":21,"column":8},"end":{"line":21,"column":9}},"loc":{"start":{"line":21,"column":26},"end":{"line":25,"column":9}},"line":21},"3":{"name":"(anonymous_3)","decl":{"start":{"line":26,"column":8},"end":{"line":26,"column":9}},"loc":{"start":{"line":26,"column":22},"end":{"line":31,"column":9}},"line":26},"4":{"name":"(anonymous_4)","decl":{"start":{"line":34,"column":4},"end":{"line":34,"column":5}},"loc":{"start":{"line":34,"column":15},"end":{"line":39,"column":5}},"line":34},"5":{"name":"(anonymous_5)","decl":{"start":{"line":40,"column":4},"end":{"line":40,"column":5}},"loc":{"start":{"line":40,"column":10},"end":{"line":42,"column":5}},"line":40},"6":{"name":"(anonymous_6)","decl":{"start":{"line":47,"column":36},"end":{"line":47,"column":37}},"loc":{"start":{"line":47,"column":50},"end":{"line":61,"column":1}},"line":47},"7":{"name":"(anonymous_7)","decl":{"start":{"line":48,"column":21},"end":{"line":48,"column":22}},"loc":{"start":{"line":48,"column":42},"end":{"line":60,"column":3}},"line":48},"8":{"name":"(anonymous_8)","decl":{"start":{"line":49,"column":19},"end":{"line":49,"column":20}},"loc":{"start":{"line":49,"column":27},"end":{"line":59,"column":5}},"line":49},"9":{"name":"(anonymous_9)","decl":{"start":{"line":53,"column":8},"end":{"line":53,"column":9}},"loc":{"start":{"line":53,"column":25},"end":{"line":53,"column":45}},"line":53},"10":{"name":"(anonymous_10)","decl":{"start":{"line":54,"column":8},"end":{"line":54,"column":9}},"loc":{"start":{"line":54,"column":22},"end":{"line":57,"column":9}},"line":54},"11":{"name":"(anonymous_11)","decl":{"start":{"line":63,"column":40},"end":{"line":63,"column":41}},"loc":{"start":{"line":63,"column":68},"end":{"line":79,"column":1}},"line":63},"12":{"name":"(anonymous_12)","decl":{"start":{"line":64,"column":21},"end":{"line":64,"column":22}},"loc":{"start":{"line":64,"column":42},"end":{"line":78,"column":3}},"line":64},"13":{"name":"(anonymous_13)","decl":{"start":{"line":65,"column":19},"end":{"line":65,"column":20}},"loc":{"start":{"line":65,"column":27},"end":{"line":77,"column":5}},"line":65},"14":{"name":"(anonymous_14)","decl":{"start":{"line":69,"column":8},"end":{"line":69,"column":9}},"loc":{"start":{"line":69,"column":37},"end":{"line":71,"column":9}},"line":69},"15":{"name":"(anonymous_15)","decl":{"start":{"line":72,"column":8},"end":{"line":72,"column":9}},"loc":{"start":{"line":72,"column":22},"end":{"line":75,"column":9}},"line":72}},"branchMap":{"0":{"loc":{"start":{"line":22,"column":10},"end":{"line":24,"column":11}},"type":"if","locations":[{"start":{"line":22,"column":10},"end":{"line":24,"column":11}},{"start":{},"end":{}}],"line":22},"1":{"loc":{"start":{"line":27,"column":10},"end":{"line":29,"column":11}},"type":"if","locations":[{"start":{"line":27,"column":10},"end":{"line":29,"column":11}},{"start":{},"end":{}}],"line":27},"2":{"loc":{"start":{"line":36,"column":6},"end":{"line":38,"column":7}},"type":"if","locations":[{"start":{"line":36,"column":6},"end":{"line":38,"column":7}},{"start":{},"end":{}}],"line":36}},"s":{"0":2,"1":1,"2":1,"3":1,"4":0,"5":0,"6":0,"7":0,"8":0,"9":0,"10":0,"11":0,"12":1,"13":2,"14":1,"15":1,"16":1,"17":0,"18":0,"19":0,"20":2,"21":1,"22":1,"23":1,"24":0,"25":0,"26":0},"f":{"0":1,"1":1,"2":0,"3":0,"4":0,"5":1,"6":1,"7":1,"8":1,"9":0,"10":0,"11":1,"12":1,"13":1,"14":0,"15":0},"b":{"0":[0,0],"1":[0,0],"2":[0,0]},"_coverageSchema":"1a1c01bbd47fc00a2c39e90264f33305004495a9","hash":"e603cbd999e174e970f1af7e43267965ecd9fce6"}
,"/Users/patrickkiehlmann/Desktop/Uni/Y3/PDS/sh29-main/TwoRoads/src/database/kindnessActs.js": {"path":"/Users/patrickkiehlmann/Desktop/Uni/Y3/PDS/sh29-main/TwoRoads/src/database/kindnessActs.js","statementMap":{"0":{"start":{"line":1,"column":35},"end":{"line":43,"column":1}},"1":{"start":{"line":10,"column":22},"end":{"line":13,"column":3}},"2":{"start":{"line":15,"column":2},"end":{"line":42,"column":4}},"3":{"start":{"line":17,"column":6},"end":{"line":31,"column":8}},"4":{"start":{"line":21,"column":10},"end":{"line":23,"column":11}},"5":{"start":{"line":22,"column":12},"end":{"line":22,"column":33}},"6":{"start":{"line":26,"column":10},"end":{"line":28,"column":11}},"7":{"start":{"line":27,"column":12},"end":{"line":27,"column":27}},"8":{"start":{"line":29,"column":10},"end":{"line":29,"column":23}},"9":{"start":{"line":34,"column":6},"end":{"line":34,"column":50}},"10":{"start":{"line":35,"column":6},"end":{"line":37,"column":7}},"11":{"start":{"line":36,"column":8},"end":{"line":36,"column":23}},"12":{"start":{"line":40,"column":6},"end":{"line":40,"column":68}},"13":{"start":{"line":45,"column":36},"end":{"line":59,"column":1}},"14":{"start":{"line":46,"column":2},"end":{"line":58,"column":5}},"15":{"start":{"line":47,"column":4},"end":{"line":57,"column":7}},"16":{"start":{"line":48,"column":6},"end":{"line":56,"column":8}},"17":{"start":{"line":51,"column":25},"end":{"line":51,"column":45}},"18":{"start":{"line":53,"column":10},"end":{"line":53,"column":69}},"19":{"start":{"line":54,"column":10},"end":{"line":54,"column":24}},"20":{"start":{"line":61,"column":38},"end":{"line":77,"column":1}},"21":{"start":{"line":62,"column":2},"end":{"line":76,"column":5}},"22":{"start":{"line":63,"column":4},"end":{"line":75,"column":7}},"23":{"start":{"line":64,"column":6},"end":{"line":74,"column":8}},"24":{"start":{"line":68,"column":10},"end":{"line":68,"column":26}},"25":{"start":{"line":71,"column":10},"end":{"line":71,"column":24}},"26":{"start":{"line":72,"column":10},"end":{"line":72,"column":22}}},"fnMap":{"0":{"name":"(anonymous_0)","decl":{"start":{"line":1,"column":35},"end":{"line":1,"column":36}},"loc":{"start":{"line":9,"column":5},"end":{"line":43,"column":1}},"line":9},"1":{"name":"(anonymous_1)","decl":{"start":{"line":16,"column":4},"end":{"line":16,"column":5}},"loc":{"start":{"line":16,"column":12},"end":{"line":32,"column":5}},"line":16},"2":{"name":"(anonymous_2)","decl":{"start":{"line":20,"column":8},"end":{"line":20,"column":9}},"loc":{"start":{"line":20,"column":26},"end":{"line":24,"column":9}},"line":20},"3":{"name":"(anonymous_3)","decl":{"start":{"line":25,"column":8},"end":{"line":25,"column":9}},"loc":{"start":{"line":25,"column":22},"end":{"line":30,"column":9}},"line":25},"4":{"name":"(anonymous_4)","decl":{"start":{"line":33,"column":4},"end":{"line":33,"column":5}},"loc":{"start":{"line":33,"column":15},"end":{"line":38,"column":5}},"line":33},"5":{"name":"(anonymous_5)","decl":{"start":{"line":39,"column":4},"end":{"line":39,"column":5}},"loc":{"start":{"line":39,"column":10},"end":{"line":41,"column":5}},"line":39},"6":{"name":"(anonymous_6)","decl":{"start":{"line":45,"column":36},"end":{"line":45,"column":37}},"loc":{"start":{"line":45,"column":50},"end":{"line":59,"column":1}},"line":45},"7":{"name":"(anonymous_7)","decl":{"start":{"line":46,"column":21},"end":{"line":46,"column":22}},"loc":{"start":{"line":46,"column":42},"end":{"line":58,"column":3}},"line":46},"8":{"name":"(anonymous_8)","decl":{"start":{"line":47,"column":19},"end":{"line":47,"column":20}},"loc":{"start":{"line":47,"column":27},"end":{"line":57,"column":5}},"line":47},"9":{"name":"(anonymous_9)","decl":{"start":{"line":51,"column":8},"end":{"line":51,"column":9}},"loc":{"start":{"line":51,"column":25},"end":{"line":51,"column":45}},"line":51},"10":{"name":"(anonymous_10)","decl":{"start":{"line":52,"column":8},"end":{"line":52,"column":9}},"loc":{"start":{"line":52,"column":22},"end":{"line":55,"column":9}},"line":52},"11":{"name":"(anonymous_11)","decl":{"start":{"line":61,"column":38},"end":{"line":61,"column":39}},"loc":{"start":{"line":61,"column":66},"end":{"line":77,"column":1}},"line":61},"12":{"name":"(anonymous_12)","decl":{"start":{"line":62,"column":21},"end":{"line":62,"column":22}},"loc":{"start":{"line":62,"column":42},"end":{"line":76,"column":3}},"line":62},"13":{"name":"(anonymous_13)","decl":{"start":{"line":63,"column":19},"end":{"line":63,"column":20}},"loc":{"start":{"line":63,"column":27},"end":{"line":75,"column":5}},"line":63},"14":{"name":"(anonymous_14)","decl":{"start":{"line":67,"column":8},"end":{"line":67,"column":9}},"loc":{"start":{"line":67,"column":37},"end":{"line":69,"column":9}},"line":67},"15":{"name":"(anonymous_15)","decl":{"start":{"line":70,"column":8},"end":{"line":70,"column":9}},"loc":{"start":{"line":70,"column":22},"end":{"line":73,"column":9}},"line":70}},"branchMap":{"0":{"loc":{"start":{"line":21,"column":10},"end":{"line":23,"column":11}},"type":"if","locations":[{"start":{"line":21,"column":10},"end":{"line":23,"column":11}},{"start":{},"end":{}}],"line":21},"1":{"loc":{"start":{"line":26,"column":10},"end":{"line":28,"column":11}},"type":"if","locations":[{"start":{"line":26,"column":10},"end":{"line":28,"column":11}},{"start":{},"end":{}}],"line":26},"2":{"loc":{"start":{"line":35,"column":6},"end":{"line":37,"column":7}},"type":"if","locations":[{"start":{"line":35,"column":6},"end":{"line":37,"column":7}},{"start":{},"end":{}}],"line":35}},"s":{"0":2,"1":1,"2":1,"3":1,"4":0,"5":0,"6":0,"7":0,"8":0,"9":0,"10":0,"11":0,"12":1,"13":2,"14":1,"15":1,"16":1,"17":0,"18":0,"19":0,"20":2,"21":1,"22":1,"23":1,"24":0,"25":0,"26":0},"f":{"0":1,"1":1,"2":0,"3":0,"4":0,"5":1,"6":1,"7":1,"8":1,"9":0,"10":0,"11":1,"12":1,"13":1,"14":0,"15":0},"b":{"0":[0,0],"1":[0,0],"2":[0,0]},"_coverageSchema":"1a1c01bbd47fc00a2c39e90264f33305004495a9","hash":"7172ad552cb6d3d0be263fdbee05d7767ff4af11"}
,"/Users/patrickkiehlmann/Desktop/Uni/Y3/PDS/sh29-main/TwoRoads/src/screens/HomeScreen.js": {"path":"/Users/patrickkiehlmann/Desktop/Uni/Y3/PDS/sh29-main/TwoRoads/src/screens/HomeScreen.js","statementMap":{"0":{"start":{"line":9,"column":19},"end":{"line":44,"column":1}},"1":{"start":{"line":10,"column":22},"end":{"line":12,"column":3}},"2":{"start":{"line":11,"column":4},"end":{"line":11,"column":36}},"3":{"start":{"line":14,"column":18},"end":{"line":21,"column":3}},"4":{"start":{"line":23,"column":2},"end":{"line":43,"column":4}},"5":{"start":{"line":29,"column":12},"end":{"line":38,"column":31}},"6":{"start":{"line":35,"column":29},"end":{"line":35,"column":54}}},"fnMap":{"0":{"name":"(anonymous_0)","decl":{"start":{"line":9,"column":19},"end":{"line":9,"column":20}},"loc":{"start":{"line":9,"column":39},"end":{"line":44,"column":1}},"line":9},"1":{"name":"(anonymous_1)","decl":{"start":{"line":10,"column":22},"end":{"line":10,"column":23}},"loc":{"start":{"line":10,"column":38},"end":{"line":12,"column":3}},"line":10},"2":{"name":"(anonymous_2)","decl":{"start":{"line":28,"column":23},"end":{"line":28,"column":24}},"loc":{"start":{"line":29,"column":12},"end":{"line":38,"column":31}},"line":29},"3":{"name":"(anonymous_3)","decl":{"start":{"line":35,"column":23},"end":{"line":35,"column":24}},"loc":{"start":{"line":35,"column":29},"end":{"line":35,"column":54}},"line":35}},"branchMap":{},"s":{"0":1,"1":4,"2":5,"3":4,"4":4,"5":24,"6":5},"f":{"0":4,"1":5,"2":24,"3":5},"b":{},"_coverageSchema":"1a1c01bbd47fc00a2c39e90264f33305004495a9","hash":"e1d2fc339219ba5fdd4509e03e9bad13ab2a2cd5"}
,"/Users/patrickkiehlmann/Desktop/Uni/Y3/PDS/sh29-main/TwoRoads/src/screens/LoginScreen.js": {"path":"/Users/patrickkiehlmann/Desktop/Uni/Y3/PDS/sh29-main/TwoRoads/src/screens/LoginScreen.js","statementMap":{"0":{"start":{"line":10,"column":20},"end":{"line":135,"column":1}},"1":{"start":{"line":11,"column":29},"end":{"line":11,"column":41}},"2":{"start":{"line":15,"column":21},"end":{"line":21,"column":3}},"3":{"start":{"line":16,"column":17},"end":{"line":16,"column":36}},"4":{"start":{"line":17,"column":4},"end":{"line":20,"column":7}},"5":{"start":{"line":18,"column":20},"end":{"line":18,"column":55}},"6":{"start":{"line":19,"column":6},"end":{"line":19,"column":53}},"7":{"start":{"line":23,"column":2},"end":{"line":25,"column":9}},"8":{"start":{"line":24,"column":4},"end":{"line":24,"column":17}},"9":{"start":{"line":29,"column":17},"end":{"line":35,"column":3}},"10":{"start":{"line":30,"column":4},"end":{"line":34,"column":5}},"11":{"start":{"line":31,"column":6},"end":{"line":31,"column":51}},"12":{"start":{"line":33,"column":6},"end":{"line":33,"column":44}},"13":{"start":{"line":37,"column":22},"end":{"line":39,"column":3}},"14":{"start":{"line":38,"column":4},"end":{"line":38,"column":54}},"15":{"start":{"line":41,"column":21},"end":{"line":55,"column":3}},"16":{"start":{"line":42,"column":4},"end":{"line":54,"column":5}},"17":{"start":{"line":43,"column":24},"end":{"line":43,"column":38}},"18":{"start":{"line":44,"column":23},"end":{"line":44,"column":42}},"19":{"start":{"line":45,"column":6},"end":{"line":51,"column":7}},"20":{"start":{"line":46,"column":8},"end":{"line":46,"column":37}},"21":{"start":{"line":47,"column":8},"end":{"line":47,"column":36}},"22":{"start":{"line":49,"column":8},"end":{"line":49,"column":56}},"23":{"start":{"line":50,"column":8},"end":{"line":50,"column":59}},"24":{"start":{"line":53,"column":6},"end":{"line":53,"column":47}},"25":{"start":{"line":57,"column":22},"end":{"line":61,"column":3}},"26":{"start":{"line":58,"column":4},"end":{"line":60,"column":5}},"27":{"start":{"line":59,"column":6},"end":{"line":59,"column":29}},"28":{"start":{"line":63,"column":23},"end":{"line":65,"column":3}},"29":{"start":{"line":64,"column":4},"end":{"line":64,"column":55}},"30":{"start":{"line":67,"column":23},"end":{"line":74,"column":3}},"31":{"start":{"line":68,"column":4},"end":{"line":73,"column":5}},"32":{"start":{"line":69,"column":6},"end":{"line":69,"column":27}},"33":{"start":{"line":71,"column":6},"end":{"line":71,"column":42}},"34":{"start":{"line":72,"column":6},"end":{"line":72,"column":57}},"35":{"start":{"line":76,"column":24},"end":{"line":90,"column":3}},"36":{"start":{"line":77,"column":20},"end":{"line":77,"column":22}},"37":{"start":{"line":78,"column":4},"end":{"line":88,"column":5}},"38":{"start":{"line":78,"column":17},"end":{"line":78,"column":18}},"39":{"start":{"line":79,"column":6},"end":{"line":87,"column":8}},"40":{"start":{"line":89,"column":4},"end":{"line":89,"column":19}},"41":{"start":{"line":92,"column":2},"end":{"line":134,"column":4}},"42":{"start":{"line":100,"column":45},"end":{"line":100,"column":50}},"43":{"start":{"line":101,"column":10},"end":{"line":107,"column":29}},"44":{"start":{"line":104,"column":27},"end":{"line":104,"column":54}},"45":{"start":{"line":112,"column":25},"end":{"line":112,"column":39}},"46":{"start":{"line":120,"column":25},"end":{"line":120,"column":41}},"47":{"start":{"line":130,"column":39},"end":{"line":130,"column":76}}},"fnMap":{"0":{"name":"(anonymous_0)","decl":{"start":{"line":10,"column":20},"end":{"line":10,"column":21}},"loc":{"start":{"line":10,"column":40},"end":{"line":135,"column":1}},"line":10},"1":{"name":"(anonymous_1)","decl":{"start":{"line":15,"column":21},"end":{"line":15,"column":22}},"loc":{"start":{"line":15,"column":33},"end":{"line":21,"column":3}},"line":15},"2":{"name":"(anonymous_2)","decl":{"start":{"line":17,"column":17},"end":{"line":17,"column":18}},"loc":{"start":{"line":17,"column":32},"end":{"line":20,"column":5}},"line":17},"3":{"name":"(anonymous_3)","decl":{"start":{"line":23,"column":12},"end":{"line":23,"column":13}},"loc":{"start":{"line":23,"column":18},"end":{"line":25,"column":3}},"line":23},"4":{"name":"(anonymous_4)","decl":{"start":{"line":29,"column":17},"end":{"line":29,"column":18}},"loc":{"start":{"line":29,"column":29},"end":{"line":35,"column":3}},"line":29},"5":{"name":"(anonymous_5)","decl":{"start":{"line":37,"column":22},"end":{"line":37,"column":23}},"loc":{"start":{"line":37,"column":34},"end":{"line":39,"column":3}},"line":37},"6":{"name":"(anonymous_6)","decl":{"start":{"line":41,"column":21},"end":{"line":41,"column":22}},"loc":{"start":{"line":41,"column":43},"end":{"line":55,"column":3}},"line":41},"7":{"name":"(anonymous_7)","decl":{"start":{"line":57,"column":22},"end":{"line":57,"column":23}},"loc":{"start":{"line":57,"column":31},"end":{"line":61,"column":3}},"line":57},"8":{"name":"(anonymous_8)","decl":{"start":{"line":63,"column":23},"end":{"line":63,"column":24}},"loc":{"start":{"line":63,"column":29},"end":{"line":65,"column":3}},"line":63},"9":{"name":"(anonymous_9)","decl":{"start":{"line":67,"column":23},"end":{"line":67,"column":24}},"loc":{"start":{"line":67,"column":29},"end":{"line":74,"column":3}},"line":67},"10":{"name":"(anonymous_10)","decl":{"start":{"line":76,"column":24},"end":{"line":76,"column":25}},"loc":{"start":{"line":76,"column":30},"end":{"line":90,"column":3}},"line":76},"11":{"name":"(anonymous_11)","decl":{"start":{"line":100,"column":35},"end":{"line":100,"column":36}},"loc":{"start":{"line":100,"column":45},"end":{"line":100,"column":50}},"line":100},"12":{"name":"(anonymous_12)","decl":{"start":{"line":100,"column":56},"end":{"line":100,"column":57}},"loc":{"start":{"line":101,"column":10},"end":{"line":107,"column":29}},"line":101},"13":{"name":"(anonymous_13)","decl":{"start":{"line":104,"column":21},"end":{"line":104,"column":22}},"loc":{"start":{"line":104,"column":27},"end":{"line":104,"column":54}},"line":104},"14":{"name":"(anonymous_14)","decl":{"start":{"line":112,"column":19},"end":{"line":112,"column":20}},"loc":{"start":{"line":112,"column":25},"end":{"line":112,"column":39}},"line":112},"15":{"name":"(anonymous_15)","decl":{"start":{"line":120,"column":19},"end":{"line":120,"column":20}},"loc":{"start":{"line":120,"column":25},"end":{"line":120,"column":41}},"line":120},"16":{"name":"(anonymous_16)","decl":{"start":{"line":130,"column":33},"end":{"line":130,"column":34}},"loc":{"start":{"line":130,"column":39},"end":{"line":130,"column":76}},"line":130}},"branchMap":{"0":{"loc":{"start":{"line":45,"column":6},"end":{"line":51,"column":7}},"type":"if","locations":[{"start":{"line":45,"column":6},"end":{"line":51,"column":7}},{"start":{"line":48,"column":13},"end":{"line":51,"column":7}}],"line":45},"1":{"loc":{"start":{"line":58,"column":4},"end":{"line":60,"column":5}},"type":"if","locations":[{"start":{"line":58,"column":4},"end":{"line":60,"column":5}},{"start":{},"end":{}}],"line":58},"2":{"loc":{"start":{"line":68,"column":4},"end":{"line":73,"column":5}},"type":"if","locations":[{"start":{"line":68,"column":4},"end":{"line":73,"column":5}},{"start":{"line":70,"column":11},"end":{"line":73,"column":5}}],"line":68},"3":{"loc":{"start":{"line":84,"column":31},"end":{"line":84,"column":76}},"type":"cond-expr","locations":[{"start":{"line":84,"column":53},"end":{"line":84,"column":60}},{"start":{"line":84,"column":63},"end":{"line":84,"column":76}}],"line":84}},"s":{"0":1,"1":16,"2":16,"3":3,"4":3,"5":6,"6":6,"7":16,"8":3,"9":16,"10":2,"11":2,"12":0,"13":16,"14":2,"15":16,"16":2,"17":2,"18":2,"19":2,"20":1,"21":1,"22":1,"23":1,"24":0,"25":16,"26":12,"27":12,"28":16,"29":0,"30":16,"31":2,"32":2,"33":0,"34":0,"35":16,"36":16,"37":16,"38":16,"39":96,"40":16,"41":16,"42":144,"43":144,"44":12,"45":0,"46":0,"47":1},"f":{"0":16,"1":3,"2":6,"3":3,"4":2,"5":2,"6":2,"7":12,"8":0,"9":2,"10":16,"11":144,"12":144,"13":12,"14":0,"15":0,"16":1},"b":{"0":[1,1],"1":[12,0],"2":[2,0],"3":[42,54]},"_coverageSchema":"1a1c01bbd47fc00a2c39e90264f33305004495a9","hash":"ec88178bdc5c1fe070d8eba9a20f504f835b1fab"}
,"/Users/patrickkiehlmann/Desktop/Uni/Y3/PDS/sh29-main/TwoRoads/src/screens/SettingsScreen.js": {"path":"/Users/patrickkiehlmann/Desktop/Uni/Y3/PDS/sh29-main/TwoRoads/src/screens/SettingsScreen.js","statementMap":{"0":{"start":{"line":14,"column":23},"end":{"line":70,"column":1}},"1":{"start":{"line":15,"column":34},"end":{"line":17,"column":3}},"2":{"start":{"line":16,"column":4},"end":{"line":16,"column":55}},"3":{"start":{"line":19,"column":28},"end":{"line":21,"column":3}},"4":{"start":{"line":20,"column":4},"end":{"line":20,"column":39}},"5":{"start":{"line":23,"column":28},"end":{"line":26,"column":3}},"6":{"start":{"line":24,"column":4},"end":{"line":24,"column":30}},"7":{"start":{"line":25,"column":4},"end":{"line":25,"column":66}},"8":{"start":{"line":28,"column":2},"end":{"line":69,"column":4}},"9":{"start":{"line":43,"column":14},"end":{"line":62,"column":16}},"10":{"start":{"line":50,"column":22},"end":{"line":50,"column":67}},"11":{"start":{"line":56,"column":22},"end":{"line":56,"column":42}},"12":{"start":{"line":57,"column":22},"end":{"line":57,"column":42}}},"fnMap":{"0":{"name":"(anonymous_0)","decl":{"start":{"line":14,"column":23},"end":{"line":14,"column":24}},"loc":{"start":{"line":14,"column":43},"end":{"line":70,"column":1}},"line":14},"1":{"name":"(anonymous_1)","decl":{"start":{"line":15,"column":34},"end":{"line":15,"column":35}},"loc":{"start":{"line":15,"column":40},"end":{"line":17,"column":3}},"line":15},"2":{"name":"(anonymous_2)","decl":{"start":{"line":19,"column":28},"end":{"line":19,"column":29}},"loc":{"start":{"line":19,"column":34},"end":{"line":21,"column":3}},"line":19},"3":{"name":"(anonymous_3)","decl":{"start":{"line":23,"column":28},"end":{"line":23,"column":29}},"loc":{"start":{"line":23,"column":40},"end":{"line":26,"column":3}},"line":23},"4":{"name":"(anonymous_4)","decl":{"start":{"line":42,"column":21},"end":{"line":42,"column":22}},"loc":{"start":{"line":42,"column":27},"end":{"line":63,"column":13}},"line":42},"5":{"name":"(anonymous_5)","decl":{"start":{"line":49,"column":29},"end":{"line":49,"column":30}},"loc":{"start":{"line":50,"column":22},"end":{"line":50,"column":67}},"line":50},"6":{"name":"(anonymous_6)","decl":{"start":{"line":55,"column":29},"end":{"line":55,"column":30}},"loc":{"start":{"line":55,"column":35},"end":{"line":58,"column":21}},"line":55}},"branchMap":{},"s":{"0":1,"1":3,"2":0,"3":3,"4":3,"5":3,"6":3,"7":3,"8":3,"9":3,"10":0,"11":3,"12":3},"f":{"0":3,"1":0,"2":3,"3":3,"4":3,"5":0,"6":3},"b":{},"_coverageSchema":"1a1c01bbd47fc00a2c39e90264f33305004495a9","hash":"5f1b98f3cfcdbdf28920b94f2aa4343123f544bc"}
,"/Users/patrickkiehlmann/Desktop/Uni/Y3/PDS/sh29-main/TwoRoads/src/screens/WelcomePage.js": {"path":"/Users/patrickkiehlmann/Desktop/Uni/Y3/PDS/sh29-main/TwoRoads/src/screens/WelcomePage.js","statementMap":{"0":{"start":{"line":8,"column":26},"end":{"line":11,"column":1}},"1":{"start":{"line":9,"column":2},"end":{"line":9,"column":28}},"2":{"start":{"line":10,"column":2},"end":{"line":10,"column":30}},"3":{"start":{"line":13,"column":20},"end":{"line":79,"column":1}},"4":{"start":{"line":14,"column":2},"end":{"line":78,"column":4}},"5":{"start":{"line":35,"column":25},"end":{"line":35,"column":59}},"6":{"start":{"line":51,"column":12},"end":{"line":69,"column":14}},"7":{"start":{"line":57,"column":33},"end":{"line":57,"column":78}},"8":{"start":{"line":63,"column":20},"end":{"line":63,"column":58}},"9":{"start":{"line":64,"column":20},"end":{"line":64,"column":40}}},"fnMap":{"0":{"name":"(anonymous_0)","decl":{"start":{"line":8,"column":26},"end":{"line":8,"column":27}},"loc":{"start":{"line":8,"column":38},"end":{"line":11,"column":1}},"line":8},"1":{"name":"(anonymous_1)","decl":{"start":{"line":13,"column":20},"end":{"line":13,"column":21}},"loc":{"start":{"line":13,"column":40},"end":{"line":79,"column":1}},"line":13},"2":{"name":"(anonymous_2)","decl":{"start":{"line":35,"column":19},"end":{"line":35,"column":20}},"loc":{"start":{"line":35,"column":25},"end":{"line":35,"column":59}},"line":35},"3":{"name":"(anonymous_3)","decl":{"start":{"line":50,"column":19},"end":{"line":50,"column":20}},"loc":{"start":{"line":50,"column":25},"end":{"line":70,"column":11}},"line":50},"4":{"name":"(anonymous_4)","decl":{"start":{"line":57,"column":27},"end":{"line":57,"column":28}},"loc":{"start":{"line":57,"column":33},"end":{"line":57,"column":78}},"line":57},"5":{"name":"(anonymous_5)","decl":{"start":{"line":62,"column":27},"end":{"line":62,"column":28}},"loc":{"start":{"line":62,"column":33},"end":{"line":65,"column":19}},"line":62}},"branchMap":{},"s":{"0":1,"1":2,"2":2,"3":1,"4":4,"5":1,"6":2,"7":0,"8":2,"9":2},"f":{"0":2,"1":4,"2":1,"3":2,"4":0,"5":2},"b":{},"_coverageSchema":"1a1c01bbd47fc00a2c39e90264f33305004495a9","hash":"9c67cd9f8a01a91236bf4a0b6503ee28737879da"}
,"/Users/patrickkiehlmann/Desktop/Uni/Y3/PDS/sh29-main/TwoRoads/src/screens/InputScreens/ConnectionActsScreen.js": {"path":"/Users/patrickkiehlmann/Desktop/Uni/Y3/PDS/sh29-main/TwoRoads/src/screens/InputScreens/ConnectionActsScreen.js","statementMap":{"0":{"start":{"line":15,"column":29},"end":{"line":129,"column":1}},"1":{"start":{"line":16,"column":54},"end":{"line":16,"column":66}},"2":{"start":{"line":17,"column":56},"end":{"line":17,"column":68}},"3":{"start":{"line":18,"column":54},"end":{"line":18,"column":66}},"4":{"start":{"line":20,"column":21},"end":{"line":20,"column":36}},"5":{"start":{"line":22,"column":23},"end":{"line":46,"column":3}},"6":{"start":{"line":23,"column":4},"end":{"line":45,"column":5}},"7":{"start":{"line":24,"column":17},"end":{"line":24,"column":42}},"8":{"start":{"line":25,"column":6},"end":{"line":25,"column":29}},"9":{"start":{"line":27,"column":20},"end":{"line":27,"column":30}},"10":{"start":{"line":28,"column":28},"end":{"line":28,"column":60}},"11":{"start":{"line":30,"column":6},"end":{"line":36,"column":8}},"12":{"start":{"line":38,"column":6},"end":{"line":38,"column":32}},"13":{"start":{"line":39,"column":6},"end":{"line":39,"column":33}},"14":{"start":{"line":40,"column":6},"end":{"line":40,"column":32}},"15":{"start":{"line":42,"column":6},"end":{"line":42,"column":34}},"16":{"start":{"line":44,"column":6},"end":{"line":44,"column":63}},"17":{"start":{"line":48,"column":2},"end":{"line":128,"column":4}},"18":{"start":{"line":75,"column":42},"end":{"line":75,"column":69}},"19":{"start":{"line":89,"column":42},"end":{"line":89,"column":70}},"20":{"start":{"line":103,"column":42},"end":{"line":103,"column":69}}},"fnMap":{"0":{"name":"(anonymous_0)","decl":{"start":{"line":15,"column":29},"end":{"line":15,"column":30}},"loc":{"start":{"line":15,"column":35},"end":{"line":129,"column":1}},"line":15},"1":{"name":"(anonymous_1)","decl":{"start":{"line":22,"column":23},"end":{"line":22,"column":24}},"loc":{"start":{"line":22,"column":35},"end":{"line":46,"column":3}},"line":22},"2":{"name":"(anonymous_2)","decl":{"start":{"line":75,"column":32},"end":{"line":75,"column":33}},"loc":{"start":{"line":75,"column":42},"end":{"line":75,"column":69}},"line":75},"3":{"name":"(anonymous_3)","decl":{"start":{"line":89,"column":32},"end":{"line":89,"column":33}},"loc":{"start":{"line":89,"column":42},"end":{"line":89,"column":70}},"line":89},"4":{"name":"(anonymous_4)","decl":{"start":{"line":103,"column":32},"end":{"line":103,"column":33}},"loc":{"start":{"line":103,"column":42},"end":{"line":103,"column":69}},"line":103}},"branchMap":{"0":{"loc":{"start":{"line":51,"column":16},"end":{"line":51,"column":60}},"type":"cond-expr","locations":[{"start":{"line":51,"column":40},"end":{"line":51,"column":49}},{"start":{"line":51,"column":52},"end":{"line":51,"column":60}}],"line":51},"1":{"loc":{"start":{"line":52,"column":30},"end":{"line":52,"column":60}},"type":"cond-expr","locations":[{"start":{"line":52,"column":54},"end":{"line":52,"column":55}},{"start":{"line":52,"column":58},"end":{"line":52,"column":60}}],"line":52}},"s":{"0":1,"1":9,"2":9,"3":9,"4":9,"5":9,"6":0,"7":0,"8":0,"9":0,"10":0,"11":0,"12":0,"13":0,"14":0,"15":0,"16":0,"17":9,"18":1,"19":1,"20":1},"f":{"0":9,"1":0,"2":1,"3":1,"4":1},"b":{"0":[9,0],"1":[9,0]},"_coverageSchema":"1a1c01bbd47fc00a2c39e90264f33305004495a9","hash":"92c58b4ba54727c8fe537988f0466d698a6be6f2"}
,"/Users/patrickkiehlmann/Desktop/Uni/Y3/PDS/sh29-main/TwoRoads/src/screens/InputScreens/GratitudeDiaryScreen.js": {"path":"/Users/patrickkiehlmann/Desktop/Uni/Y3/PDS/sh29-main/TwoRoads/src/screens/InputScreens/GratitudeDiaryScreen.js","statementMap":{"0":{"start":{"line":15,"column":29},"end":{"line":175,"column":1}},"1":{"start":{"line":16,"column":40},"end":{"line":16,"column":52}},"2":{"start":{"line":17,"column":42},"end":{"line":17,"column":54}},"3":{"start":{"line":18,"column":40},"end":{"line":18,"column":52}},"4":{"start":{"line":19,"column":34},"end":{"line":19,"column":46}},"5":{"start":{"line":20,"column":36},"end":{"line":20,"column":48}},"6":{"start":{"line":21,"column":34},"end":{"line":21,"column":46}},"7":{"start":{"line":23,"column":21},"end":{"line":23,"column":36}},"8":{"start":{"line":25,"column":23},"end":{"line":55,"column":3}},"9":{"start":{"line":26,"column":4},"end":{"line":54,"column":5}},"10":{"start":{"line":27,"column":17},"end":{"line":27,"column":42}},"11":{"start":{"line":28,"column":6},"end":{"line":28,"column":29}},"12":{"start":{"line":30,"column":20},"end":{"line":30,"column":30}},"13":{"start":{"line":31,"column":28},"end":{"line":31,"column":60}},"14":{"start":{"line":33,"column":6},"end":{"line":42,"column":8}},"15":{"start":{"line":44,"column":6},"end":{"line":44,"column":25}},"16":{"start":{"line":45,"column":6},"end":{"line":45,"column":26}},"17":{"start":{"line":46,"column":6},"end":{"line":46,"column":25}},"18":{"start":{"line":47,"column":6},"end":{"line":47,"column":22}},"19":{"start":{"line":48,"column":6},"end":{"line":48,"column":23}},"20":{"start":{"line":49,"column":6},"end":{"line":49,"column":22}},"21":{"start":{"line":51,"column":6},"end":{"line":51,"column":34}},"22":{"start":{"line":53,"column":6},"end":{"line":53,"column":63}},"23":{"start":{"line":57,"column":2},"end":{"line":174,"column":4}},"24":{"start":{"line":75,"column":42},"end":{"line":75,"column":62}},"25":{"start":{"line":89,"column":42},"end":{"line":89,"column":59}},"26":{"start":{"line":105,"column":42},"end":{"line":105,"column":63}},"27":{"start":{"line":119,"column":42},"end":{"line":119,"column":60}},"28":{"start":{"line":135,"column":42},"end":{"line":135,"column":62}},"29":{"start":{"line":149,"column":42},"end":{"line":149,"column":59}}},"fnMap":{"0":{"name":"(anonymous_0)","decl":{"start":{"line":15,"column":29},"end":{"line":15,"column":30}},"loc":{"start":{"line":15,"column":35},"end":{"line":175,"column":1}},"line":15},"1":{"name":"(anonymous_1)","decl":{"start":{"line":25,"column":23},"end":{"line":25,"column":24}},"loc":{"start":{"line":25,"column":35},"end":{"line":55,"column":3}},"line":25},"2":{"name":"(anonymous_2)","decl":{"start":{"line":75,"column":32},"end":{"line":75,"column":33}},"loc":{"start":{"line":75,"column":42},"end":{"line":75,"column":62}},"line":75},"3":{"name":"(anonymous_3)","decl":{"start":{"line":89,"column":32},"end":{"line":89,"column":33}},"loc":{"start":{"line":89,"column":42},"end":{"line":89,"column":59}},"line":89},"4":{"name":"(anonymous_4)","decl":{"start":{"line":105,"column":32},"end":{"line":105,"column":33}},"loc":{"start":{"line":105,"column":42},"end":{"line":105,"column":63}},"line":105},"5":{"name":"(anonymous_5)","decl":{"start":{"line":119,"column":32},"end":{"line":119,"column":33}},"loc":{"start":{"line":119,"column":42},"end":{"line":119,"column":60}},"line":119},"6":{"name":"(anonymous_6)","decl":{"start":{"line":135,"column":32},"end":{"line":135,"column":33}},"loc":{"start":{"line":135,"column":42},"end":{"line":135,"column":62}},"line":135},"7":{"name":"(anonymous_7)","decl":{"start":{"line":149,"column":32},"end":{"line":149,"column":33}},"loc":{"start":{"line":149,"column":42},"end":{"line":149,"column":59}},"line":149}},"branchMap":{"0":{"loc":{"start":{"line":60,"column":16},"end":{"line":60,"column":60}},"type":"cond-expr","locations":[{"start":{"line":60,"column":40},"end":{"line":60,"column":49}},{"start":{"line":60,"column":52},"end":{"line":60,"column":60}}],"line":60},"1":{"loc":{"start":{"line":61,"column":30},"end":{"line":61,"column":60}},"type":"cond-expr","locations":[{"start":{"line":61,"column":54},"end":{"line":61,"column":55}},{"start":{"line":61,"column":58},"end":{"line":61,"column":60}}],"line":61}},"s":{"0":1,"1":12,"2":12,"3":12,"4":12,"5":12,"6":12,"7":12,"8":12,"9":0,"10":0,"11":0,"12":0,"13":0,"14":0,"15":0,"16":0,"17":0,"18":0,"19":0,"20":0,"21":0,"22":0,"23":12,"24":1,"25":1,"26":1,"27":1,"28":1,"29":1},"f":{"0":12,"1":0,"2":1,"3":1,"4":1,"5":1,"6":1,"7":1},"b":{"0":[12,0],"1":[12,0]},"_coverageSchema":"1a1c01bbd47fc00a2c39e90264f33305004495a9","hash":"f7baf8cd3e16c49fa2edb18cc44a8c2e4320021d"}
,"/Users/patrickkiehlmann/Desktop/Uni/Y3/PDS/sh29-main/TwoRoads/src/screens/InputScreens/HedonicMomentsScreen.js": {"path":"/Users/patrickkiehlmann/Desktop/Uni/Y3/PDS/sh29-main/TwoRoads/src/screens/InputScreens/HedonicMomentsScreen.js","statementMap":{"0":{"start":{"line":15,"column":29},"end":{"line":132,"column":1}},"1":{"start":{"line":16,"column":40},"end":{"line":16,"column":52}},"2":{"start":{"line":17,"column":42},"end":{"line":17,"column":54}},"3":{"start":{"line":18,"column":40},"end":{"line":18,"column":52}},"4":{"start":{"line":19,"column":42},"end":{"line":19,"column":54}},"5":{"start":{"line":21,"column":21},"end":{"line":21,"column":36}},"6":{"start":{"line":24,"column":23},"end":{"line":53,"column":3}},"7":{"start":{"line":25,"column":4},"end":{"line":52,"column":5}},"8":{"start":{"line":26,"column":17},"end":{"line":26,"column":42}},"9":{"start":{"line":27,"column":6},"end":{"line":27,"column":29}},"10":{"start":{"line":29,"column":20},"end":{"line":29,"column":30}},"11":{"start":{"line":30,"column":28},"end":{"line":30,"column":60}},"12":{"start":{"line":32,"column":6},"end":{"line":39,"column":8}},"13":{"start":{"line":41,"column":6},"end":{"line":41,"column":25}},"14":{"start":{"line":42,"column":6},"end":{"line":42,"column":26}},"15":{"start":{"line":43,"column":6},"end":{"line":43,"column":25}},"16":{"start":{"line":44,"column":6},"end":{"line":44,"column":26}},"17":{"start":{"line":46,"column":6},"end":{"line":46,"column":34}},"18":{"start":{"line":48,"column":22},"end":{"line":48,"column":52}},"19":{"start":{"line":49,"column":6},"end":{"line":49,"column":27}},"20":{"start":{"line":51,"column":6},"end":{"line":51,"column":61}},"21":{"start":{"line":55,"column":2},"end":{"line":131,"column":4}},"22":{"start":{"line":76,"column":42},"end":{"line":76,"column":62}},"23":{"start":{"line":87,"column":42},"end":{"line":87,"column":63}},"24":{"start":{"line":98,"column":42},"end":{"line":98,"column":62}},"25":{"start":{"line":109,"column":42},"end":{"line":109,"column":63}}},"fnMap":{"0":{"name":"(anonymous_0)","decl":{"start":{"line":15,"column":29},"end":{"line":15,"column":30}},"loc":{"start":{"line":15,"column":35},"end":{"line":132,"column":1}},"line":15},"1":{"name":"(anonymous_1)","decl":{"start":{"line":24,"column":23},"end":{"line":24,"column":24}},"loc":{"start":{"line":24,"column":35},"end":{"line":53,"column":3}},"line":24},"2":{"name":"(anonymous_2)","decl":{"start":{"line":76,"column":32},"end":{"line":76,"column":33}},"loc":{"start":{"line":76,"column":42},"end":{"line":76,"column":62}},"line":76},"3":{"name":"(anonymous_3)","decl":{"start":{"line":87,"column":32},"end":{"line":87,"column":33}},"loc":{"start":{"line":87,"column":42},"end":{"line":87,"column":63}},"line":87},"4":{"name":"(anonymous_4)","decl":{"start":{"line":98,"column":32},"end":{"line":98,"column":33}},"loc":{"start":{"line":98,"column":42},"end":{"line":98,"column":62}},"line":98},"5":{"name":"(anonymous_5)","decl":{"start":{"line":109,"column":32},"end":{"line":109,"column":33}},"loc":{"start":{"line":109,"column":42},"end":{"line":109,"column":63}},"line":109}},"branchMap":{"0":{"loc":{"start":{"line":58,"column":16},"end":{"line":58,"column":60}},"type":"cond-expr","locations":[{"start":{"line":58,"column":40},"end":{"line":58,"column":49}},{"start":{"line":58,"column":52},"end":{"line":58,"column":60}}],"line":58},"1":{"loc":{"start":{"line":59,"column":30},"end":{"line":59,"column":60}},"type":"cond-expr","locations":[{"start":{"line":59,"column":54},"end":{"line":59,"column":55}},{"start":{"line":59,"column":58},"end":{"line":59,"column":60}}],"line":59}},"s":{"0":1,"1":10,"2":10,"3":10,"4":10,"5":10,"6":10,"7":0,"8":0,"9":0,"10":0,"11":0,"12":0,"13":0,"14":0,"15":0,"16":0,"17":0,"18":0,"19":0,"20":0,"21":10,"22":1,"23":1,"24":1,"25":1},"f":{"0":10,"1":0,"2":1,"3":1,"4":1,"5":1},"b":{"0":[10,0],"1":[10,0]},"_coverageSchema":"1a1c01bbd47fc00a2c39e90264f33305004495a9","hash":"85d0f28c383a1756742bb23eb9d72dcd053be25f"}
,"/Users/patrickkiehlmann/Desktop/Uni/Y3/PDS/sh29-main/TwoRoads/src/screens/InputScreens/KindnessActsScreen.js": {"path":"/Users/patrickkiehlmann/Desktop/Uni/Y3/PDS/sh29-main/TwoRoads/src/screens/InputScreens/KindnessActsScreen.js","statementMap":{"0":{"start":{"line":15,"column":27},"end":{"line":129,"column":1}},"1":{"start":{"line":16,"column":42},"end":{"line":16,"column":54}},"2":{"start":{"line":17,"column":44},"end":{"line":17,"column":56}},"3":{"start":{"line":18,"column":42},"end":{"line":18,"column":54}},"4":{"start":{"line":19,"column":21},"end":{"line":19,"column":36}},"5":{"start":{"line":21,"column":23},"end":{"line":48,"column":3}},"6":{"start":{"line":22,"column":4},"end":{"line":47,"column":5}},"7":{"start":{"line":23,"column":17},"end":{"line":23,"column":42}},"8":{"start":{"line":24,"column":6},"end":{"line":24,"column":29}},"9":{"start":{"line":26,"column":20},"end":{"line":26,"column":30}},"10":{"start":{"line":27,"column":28},"end":{"line":27,"column":60}},"11":{"start":{"line":29,"column":6},"end":{"line":35,"column":8}},"12":{"start":{"line":37,"column":6},"end":{"line":37,"column":26}},"13":{"start":{"line":38,"column":6},"end":{"line":38,"column":27}},"14":{"start":{"line":39,"column":6},"end":{"line":39,"column":26}},"15":{"start":{"line":41,"column":6},"end":{"line":41,"column":34}},"16":{"start":{"line":43,"column":22},"end":{"line":43,"column":52}},"17":{"start":{"line":44,"column":6},"end":{"line":44,"column":27}},"18":{"start":{"line":46,"column":6},"end":{"line":46,"column":59}},"19":{"start":{"line":50,"column":2},"end":{"line":128,"column":4}},"20":{"start":{"line":76,"column":42},"end":{"line":76,"column":63}},"21":{"start":{"line":90,"column":42},"end":{"line":90,"column":64}},"22":{"start":{"line":104,"column":42},"end":{"line":104,"column":63}}},"fnMap":{"0":{"name":"(anonymous_0)","decl":{"start":{"line":15,"column":27},"end":{"line":15,"column":28}},"loc":{"start":{"line":15,"column":33},"end":{"line":129,"column":1}},"line":15},"1":{"name":"(anonymous_1)","decl":{"start":{"line":21,"column":23},"end":{"line":21,"column":24}},"loc":{"start":{"line":21,"column":35},"end":{"line":48,"column":3}},"line":21},"2":{"name":"(anonymous_2)","decl":{"start":{"line":76,"column":32},"end":{"line":76,"column":33}},"loc":{"start":{"line":76,"column":42},"end":{"line":76,"column":63}},"line":76},"3":{"name":"(anonymous_3)","decl":{"start":{"line":90,"column":32},"end":{"line":90,"column":33}},"loc":{"start":{"line":90,"column":42},"end":{"line":90,"column":64}},"line":90},"4":{"name":"(anonymous_4)","decl":{"start":{"line":104,"column":32},"end":{"line":104,"column":33}},"loc":{"start":{"line":104,"column":42},"end":{"line":104,"column":63}},"line":104}},"branchMap":{"0":{"loc":{"start":{"line":53,"column":16},"end":{"line":53,"column":60}},"type":"cond-expr","locations":[{"start":{"line":53,"column":40},"end":{"line":53,"column":49}},{"start":{"line":53,"column":52},"end":{"line":53,"column":60}}],"line":53},"1":{"loc":{"start":{"line":54,"column":30},"end":{"line":54,"column":60}},"type":"cond-expr","locations":[{"start":{"line":54,"column":54},"end":{"line":54,"column":55}},{"start":{"line":54,"column":58},"end":{"line":54,"column":60}}],"line":54}},"s":{"0":1,"1":6,"2":6,"3":6,"4":6,"5":6,"6":0,"7":0,"8":0,"9":0,"10":0,"11":0,"12":0,"13":0,"14":0,"15":0,"16":0,"17":0,"18":0,"19":6,"20":1,"21":1,"22":1},"f":{"0":6,"1":0,"2":1,"3":1,"4":1},"b":{"0":[6,0],"1":[6,0]},"_coverageSchema":"1a1c01bbd47fc00a2c39e90264f33305004495a9","hash":"d060efb30adcb4e50fa54834332c231fac4c1c09"}
,"/Users/patrickkiehlmann/Desktop/Uni/Y3/PDS/sh29-main/TwoRoads/src/screens/RegisterScreens/PinScreenReg1.js": {"path":"/Users/patrickkiehlmann/Desktop/Uni/Y3/PDS/sh29-main/TwoRoads/src/screens/RegisterScreens/PinScreenReg1.js","statementMap":{"0":{"start":{"line":10,"column":22},"end":{"line":98,"column":1}},"1":{"start":{"line":11,"column":24},"end":{"line":11,"column":36}},"2":{"start":{"line":13,"column":18},"end":{"line":15,"column":3}},"3":{"start":{"line":14,"column":4},"end":{"line":14,"column":50}},"4":{"start":{"line":17,"column":22},"end":{"line":21,"column":3}},"5":{"start":{"line":18,"column":4},"end":{"line":20,"column":5}},"6":{"start":{"line":19,"column":6},"end":{"line":19,"column":24}},"7":{"start":{"line":23,"column":23},"end":{"line":25,"column":3}},"8":{"start":{"line":24,"column":4},"end":{"line":24,"column":45}},"9":{"start":{"line":27,"column":23},"end":{"line":34,"column":3}},"10":{"start":{"line":28,"column":4},"end":{"line":33,"column":5}},"11":{"start":{"line":29,"column":6},"end":{"line":29,"column":19}},"12":{"start":{"line":30,"column":6},"end":{"line":30,"column":43}},"13":{"start":{"line":32,"column":6},"end":{"line":32,"column":42}},"14":{"start":{"line":36,"column":24},"end":{"line":51,"column":3}},"15":{"start":{"line":37,"column":20},"end":{"line":37,"column":22}},"16":{"start":{"line":38,"column":4},"end":{"line":49,"column":5}},"17":{"start":{"line":38,"column":17},"end":{"line":38,"column":18}},"18":{"start":{"line":39,"column":6},"end":{"line":48,"column":8}},"19":{"start":{"line":50,"column":4},"end":{"line":50,"column":19}},"20":{"start":{"line":53,"column":2},"end":{"line":97,"column":4}},"21":{"start":{"line":61,"column":45},"end":{"line":61,"column":50}},"22":{"start":{"line":62,"column":10},"end":{"line":69,"column":29}},"23":{"start":{"line":66,"column":27},"end":{"line":66,"column":54}},"24":{"start":{"line":74,"column":25},"end":{"line":74,"column":39}},"25":{"start":{"line":83,"column":25},"end":{"line":83,"column":41}},"26":{"start":{"line":92,"column":23},"end":{"line":92,"column":65}}},"fnMap":{"0":{"name":"(anonymous_0)","decl":{"start":{"line":10,"column":22},"end":{"line":10,"column":23}},"loc":{"start":{"line":10,"column":42},"end":{"line":98,"column":1}},"line":10},"1":{"name":"(anonymous_1)","decl":{"start":{"line":13,"column":18},"end":{"line":13,"column":19}},"loc":{"start":{"line":13,"column":36},"end":{"line":15,"column":3}},"line":13},"2":{"name":"(anonymous_2)","decl":{"start":{"line":17,"column":22},"end":{"line":17,"column":23}},"loc":{"start":{"line":17,"column":31},"end":{"line":21,"column":3}},"line":17},"3":{"name":"(anonymous_3)","decl":{"start":{"line":23,"column":23},"end":{"line":23,"column":24}},"loc":{"start":{"line":23,"column":29},"end":{"line":25,"column":3}},"line":23},"4":{"name":"(anonymous_4)","decl":{"start":{"line":27,"column":23},"end":{"line":27,"column":24}},"loc":{"start":{"line":27,"column":29},"end":{"line":34,"column":3}},"line":27},"5":{"name":"(anonymous_5)","decl":{"start":{"line":36,"column":24},"end":{"line":36,"column":25}},"loc":{"start":{"line":36,"column":30},"end":{"line":51,"column":3}},"line":36},"6":{"name":"(anonymous_6)","decl":{"start":{"line":61,"column":35},"end":{"line":61,"column":36}},"loc":{"start":{"line":61,"column":45},"end":{"line":61,"column":50}},"line":61},"7":{"name":"(anonymous_7)","decl":{"start":{"line":61,"column":56},"end":{"line":61,"column":57}},"loc":{"start":{"line":62,"column":10},"end":{"line":69,"column":29}},"line":62},"8":{"name":"(anonymous_8)","decl":{"start":{"line":66,"column":21},"end":{"line":66,"column":22}},"loc":{"start":{"line":66,"column":27},"end":{"line":66,"column":54}},"line":66},"9":{"name":"(anonymous_9)","decl":{"start":{"line":74,"column":19},"end":{"line":74,"column":20}},"loc":{"start":{"line":74,"column":25},"end":{"line":74,"column":39}},"line":74},"10":{"name":"(anonymous_10)","decl":{"start":{"line":83,"column":19},"end":{"line":83,"column":20}},"loc":{"start":{"line":83,"column":25},"end":{"line":83,"column":41}},"line":83},"11":{"name":"(anonymous_11)","decl":{"start":{"line":92,"column":17},"end":{"line":92,"column":18}},"loc":{"start":{"line":92,"column":23},"end":{"line":92,"column":65}},"line":92}},"branchMap":{"0":{"loc":{"start":{"line":18,"column":4},"end":{"line":20,"column":5}},"type":"if","locations":[{"start":{"line":18,"column":4},"end":{"line":20,"column":5}},{"start":{},"end":{}}],"line":18},"1":{"loc":{"start":{"line":28,"column":4},"end":{"line":33,"column":5}},"type":"if","locations":[{"start":{"line":28,"column":4},"end":{"line":33,"column":5}},{"start":{"line":31,"column":11},"end":{"line":33,"column":5}}],"line":28},"2":{"loc":{"start":{"line":45,"column":31},"end":{"line":45,"column":71}},"type":"cond-expr","locations":[{"start":{"line":45,"column":48},"end":{"line":45,"column":55}},{"start":{"line":45,"column":58},"end":{"line":45,"column":71}}],"line":45}},"s":{"0":1,"1":16,"2":16,"3":1,"4":16,"5":11,"6":11,"7":16,"8":0,"9":16,"10":2,"11":1,"12":1,"13":1,"14":16,"15":16,"16":16,"17":16,"18":96,"19":16,"20":16,"21":144,"22":144,"23":11,"24":0,"25":0,"26":0},"f":{"0":16,"1":1,"2":11,"3":0,"4":2,"5":16,"6":144,"7":144,"8":11,"9":0,"10":0,"11":0},"b":{"0":[11,0],"1":[1,1],"2":[36,60]},"_coverageSchema":"1a1c01bbd47fc00a2c39e90264f33305004495a9","hash":"e22aa08f3865e5d227da389993b5fce068d5c0ec"}
,"/Users/patrickkiehlmann/Desktop/Uni/Y3/PDS/sh29-main/TwoRoads/src/screens/RegisterScreens/PinScreenReg2.js": {"path":"/Users/patrickkiehlmann/Desktop/Uni/Y3/PDS/sh29-main/TwoRoads/src/screens/RegisterScreens/PinScreenReg2.js","statementMap":{"0":{"start":{"line":9,"column":22},"end":{"line":125,"column":1}},"1":{"start":{"line":10,"column":26},"end":{"line":10,"column":38}},"2":{"start":{"line":12,"column":17},"end":{"line":18,"column":3}},"3":{"start":{"line":13,"column":4},"end":{"line":17,"column":5}},"4":{"start":{"line":14,"column":6},"end":{"line":14,"column":51}},"5":{"start":{"line":16,"column":6},"end":{"line":16,"column":44}},"6":{"start":{"line":20,"column":21},"end":{"line":35,"column":3}},"7":{"start":{"line":21,"column":4},"end":{"line":34,"column":5}},"8":{"start":{"line":22,"column":24},"end":{"line":22,"column":38}},"9":{"start":{"line":23,"column":6},"end":{"line":31,"column":9}},"10":{"start":{"line":24,"column":8},"end":{"line":24,"column":36}},"11":{"start":{"line":25,"column":8},"end":{"line":25,"column":33}},"12":{"start":{"line":27,"column":8},"end":{"line":27,"column":42}},"13":{"start":{"line":28,"column":8},"end":{"line":28,"column":25}},"14":{"start":{"line":29,"column":36},"end":{"line":29,"column":73}},"15":{"start":{"line":30,"column":8},"end":{"line":30,"column":68}},"16":{"start":{"line":33,"column":6},"end":{"line":33,"column":47}},"17":{"start":{"line":37,"column":22},"end":{"line":41,"column":3}},"18":{"start":{"line":38,"column":4},"end":{"line":40,"column":5}},"19":{"start":{"line":39,"column":6},"end":{"line":39,"column":26}},"20":{"start":{"line":43,"column":23},"end":{"line":45,"column":3}},"21":{"start":{"line":44,"column":4},"end":{"line":44,"column":49}},"22":{"start":{"line":47,"column":19},"end":{"line":49,"column":3}},"23":{"start":{"line":48,"column":4},"end":{"line":48,"column":49}},"24":{"start":{"line":51,"column":23},"end":{"line":58,"column":3}},"25":{"start":{"line":52,"column":4},"end":{"line":57,"column":5}},"26":{"start":{"line":53,"column":6},"end":{"line":53,"column":24}},"27":{"start":{"line":55,"column":6},"end":{"line":55,"column":42}},"28":{"start":{"line":56,"column":6},"end":{"line":56,"column":51}},"29":{"start":{"line":60,"column":24},"end":{"line":75,"column":3}},"30":{"start":{"line":61,"column":20},"end":{"line":61,"column":22}},"31":{"start":{"line":62,"column":4},"end":{"line":73,"column":5}},"32":{"start":{"line":62,"column":17},"end":{"line":62,"column":18}},"33":{"start":{"line":63,"column":6},"end":{"line":72,"column":8}},"34":{"start":{"line":74,"column":4},"end":{"line":74,"column":19}},"35":{"start":{"line":77,"column":2},"end":{"line":124,"column":4}},"36":{"start":{"line":86,"column":45},"end":{"line":86,"column":50}},"37":{"start":{"line":87,"column":10},"end":{"line":94,"column":29}},"38":{"start":{"line":91,"column":27},"end":{"line":91,"column":54}},"39":{"start":{"line":100,"column":25},"end":{"line":100,"column":39}},"40":{"start":{"line":108,"column":25},"end":{"line":108,"column":41}},"41":{"start":{"line":119,"column":23},"end":{"line":119,"column":65}}},"fnMap":{"0":{"name":"(anonymous_0)","decl":{"start":{"line":9,"column":22},"end":{"line":9,"column":23}},"loc":{"start":{"line":9,"column":42},"end":{"line":125,"column":1}},"line":9},"1":{"name":"(anonymous_1)","decl":{"start":{"line":12,"column":17},"end":{"line":12,"column":18}},"loc":{"start":{"line":12,"column":29},"end":{"line":18,"column":3}},"line":12},"2":{"name":"(anonymous_2)","decl":{"start":{"line":20,"column":21},"end":{"line":20,"column":22}},"loc":{"start":{"line":20,"column":43},"end":{"line":35,"column":3}},"line":20},"3":{"name":"(anonymous_3)","decl":{"start":{"line":37,"column":22},"end":{"line":37,"column":23}},"loc":{"start":{"line":37,"column":31},"end":{"line":41,"column":3}},"line":37},"4":{"name":"(anonymous_4)","decl":{"start":{"line":43,"column":23},"end":{"line":43,"column":24}},"loc":{"start":{"line":43,"column":29},"end":{"line":45,"column":3}},"line":43},"5":{"name":"(anonymous_5)","decl":{"start":{"line":47,"column":19},"end":{"line":47,"column":20}},"loc":{"start":{"line":47,"column":25},"end":{"line":49,"column":3}},"line":47},"6":{"name":"(anonymous_6)","decl":{"start":{"line":51,"column":23},"end":{"line":51,"column":24}},"loc":{"start":{"line":51,"column":29},"end":{"line":58,"column":3}},"line":51},"7":{"name":"(anonymous_7)","decl":{"start":{"line":60,"column":24},"end":{"line":60,"column":25}},"loc":{"start":{"line":60,"column":30},"end":{"line":75,"column":3}},"line":60},"8":{"name":"(anonymous_8)","decl":{"start":{"line":86,"column":35},"end":{"line":86,"column":36}},"loc":{"start":{"line":86,"column":45},"end":{"line":86,"column":50}},"line":86},"9":{"name":"(anonymous_9)","decl":{"start":{"line":86,"column":56},"end":{"line":86,"column":57}},"loc":{"start":{"line":87,"column":10},"end":{"line":94,"column":29}},"line":87},"10":{"name":"(anonymous_10)","decl":{"start":{"line":91,"column":21},"end":{"line":91,"column":22}},"loc":{"start":{"line":91,"column":27},"end":{"line":91,"column":54}},"line":91},"11":{"name":"(anonymous_11)","decl":{"start":{"line":100,"column":19},"end":{"line":100,"column":20}},"loc":{"start":{"line":100,"column":25},"end":{"line":100,"column":39}},"line":100},"12":{"name":"(anonymous_12)","decl":{"start":{"line":108,"column":19},"end":{"line":108,"column":20}},"loc":{"start":{"line":108,"column":25},"end":{"line":108,"column":41}},"line":108},"13":{"name":"(anonymous_13)","decl":{"start":{"line":119,"column":17},"end":{"line":119,"column":18}},"loc":{"start":{"line":119,"column":23},"end":{"line":119,"column":65}},"line":119}},"branchMap":{"0":{"loc":{"start":{"line":23,"column":6},"end":{"line":31,"column":9}},"type":"if","locations":[{"start":{"line":23,"column":6},"end":{"line":31,"column":9}},{"start":{"line":26,"column":13},"end":{"line":31,"column":9}}],"line":23},"1":{"loc":{"start":{"line":38,"column":4},"end":{"line":40,"column":5}},"type":"if","locations":[{"start":{"line":38,"column":4},"end":{"line":40,"column":5}},{"start":{},"end":{}}],"line":38},"2":{"loc":{"start":{"line":52,"column":4},"end":{"line":57,"column":5}},"type":"if","locations":[{"start":{"line":52,"column":4},"end":{"line":57,"column":5}},{"start":{"line":54,"column":11},"end":{"line":57,"column":5}}],"line":52},"3":{"loc":{"start":{"line":69,"column":31},"end":{"line":69,"column":73}},"type":"cond-expr","locations":[{"start":{"line":69,"column":50},"end":{"line":69,"column":57}},{"start":{"line":69,"column":60},"end":{"line":69,"column":73}}],"line":69}},"s":{"0":1,"1":52,"2":52,"3":2,"4":2,"5":0,"6":52,"7":2,"8":2,"9":2,"10":1,"11":1,"12":1,"13":1,"14":1,"15":1,"16":0,"17":52,"18":37,"19":33,"20":52,"21":6,"22":52,"23":1,"24":52,"25":5,"26":2,"27":3,"28":3,"29":52,"30":52,"31":52,"32":52,"33":312,"34":52,"35":52,"36":468,"37":468,"38":29,"39":6,"40":8,"41":1},"f":{"0":52,"1":2,"2":2,"3":37,"4":6,"5":1,"6":5,"7":52,"8":468,"9":468,"10":29,"11":6,"12":8,"13":1},"b":{"0":[1,1],"1":[33,4],"2":[2,3],"3":[124,188]},"_coverageSchema":"1a1c01bbd47fc00a2c39e90264f33305004495a9","hash":"b3f43a73d6fa36202221dadb1447363439c97b5e"}
,"/Users/patrickkiehlmann/Desktop/Uni/Y3/PDS/sh29-main/TwoRoads/src/screens/RegisterScreens/RegisterUnameScreen.js": {"path":"/Users/patrickkiehlmann/Desktop/Uni/Y3/PDS/sh29-main/TwoRoads/src/screens/RegisterScreens/RegisterUnameScreen.js","statementMap":{"0":{"start":{"line":7,"column":23},"end":{"line":35,"column":1}},"1":{"start":{"line":8,"column":34},"end":{"line":8,"column":46}},"2":{"start":{"line":11,"column":23},"end":{"line":13,"column":3}},"3":{"start":{"line":12,"column":4},"end":{"line":12,"column":60}},"4":{"start":{"line":15,"column":22},"end":{"line":18,"column":3}},"5":{"start":{"line":16,"column":4},"end":{"line":16,"column":27}},"6":{"start":{"line":17,"column":4},"end":{"line":17,"column":41}},"7":{"start":{"line":20,"column":2},"end":{"line":34,"column":4}}},"fnMap":{"0":{"name":"(anonymous_0)","decl":{"start":{"line":7,"column":23},"end":{"line":7,"column":24}},"loc":{"start":{"line":7,"column":43},"end":{"line":35,"column":1}},"line":7},"1":{"name":"(anonymous_1)","decl":{"start":{"line":11,"column":23},"end":{"line":11,"column":24}},"loc":{"start":{"line":11,"column":46},"end":{"line":13,"column":3}},"line":11},"2":{"name":"(anonymous_2)","decl":{"start":{"line":15,"column":22},"end":{"line":15,"column":23}},"loc":{"start":{"line":15,"column":28},"end":{"line":18,"column":3}},"line":15}},"branchMap":{},"s":{"0":1,"1":5,"2":5,"3":1,"4":5,"5":1,"6":1,"7":5},"f":{"0":5,"1":1,"2":1},"b":{},"_coverageSchema":"1a1c01bbd47fc00a2c39e90264f33305004495a9","hash":"7124af4b0aac0bffb1517e954d2ef6390c93bda4"}
}
