TN:
SF:App.js
FN:10,App
FN:13,(anonymous_1)
FN:14,prepare
FNF:3
FNH:3
FNDA:2,App
FNDA:1,(anonymous_1)
FNDA:1,prepare
DA:11,2
DA:13,2
DA:15,1
DA:17,1
DA:20,1
DA:30,1
DA:31,1
DA:32,1
DA:33,1
DA:35,1
DA:36,1
DA:37,1
DA:39,0
DA:42,0
DA:45,1
DA:49,1
DA:52,2
DA:53,1
DA:57,1
DA:59,1
LF:20
LH:18
BRDA:52,0,0,1
BRDA:52,0,1,1
BRF:2
BRH:2
end_of_record
TN:
SF:src/assets/background.png
FNF:0
FNH:0
DA:1,1
LF:1
LH:1
BRF:0
BRH:0
end_of_record
TN:
SF:src/assets/connectionsBackground.png
FNF:0
FNH:0
DA:1,1
LF:1
LH:1
BRF:0
BRH:0
end_of_record
TN:
SF:src/assets/gratitudeBackground.png
FNF:0
FNH:0
DA:1,1
LF:1
LH:1
BRF:0
BRH:0
end_of_record
TN:
SF:src/assets/hedonicBackground.png
FNF:0
FNH:0
DA:1,1
LF:1
LH:1
BRF:0
BRH:0
end_of_record
TN:
SF:src/assets/kindnessBackground.png
FNF:0
FNH:0
DA:1,1
LF:1
LH:1
BRF:0
BRH:0
end_of_record
TN:
SF:src/assets/twoRoads.png
FNF:0
FNH:0
DA:1,13
LF:1
LH:1
BRF:0
BRH:0
end_of_record
TN:
SF:src/assets/fonts/Lora-Bold.ttf
FNF:0
FNH:0
DA:1,1
LF:1
LH:1
BRF:0
BRH:0
end_of_record
TN:
SF:src/assets/fonts/Lora-Regular.ttf
FNF:0
FNH:0
DA:1,1
LF:1
LH:1
BRF:0
BRH:0
end_of_record
TN:
SF:src/assets/fonts/Nunito-Bold.ttf
FNF:0
FNH:0
DA:1,1
LF:1
LH:1
BRF:0
BRH:0
end_of_record
TN:
SF:src/assets/fonts/Nunito-ExtraLight.ttf
FNF:0
FNH:0
DA:1,1
LF:1
LH:1
BRF:0
BRH:0
end_of_record
TN:
SF:src/assets/fonts/Nunito-SemiBold.ttf
FNF:0
FNH:0
DA:1,1
LF:1
LH:1
BRF:0
BRH:0
end_of_record
TN:
SF:src/assets/fonts/arial.ttf
FNF:0
FNH:0
DA:1,1
LF:1
LH:1
BRF:0
BRH:0
end_of_record
TN:
SF:src/components/Footer/index.js
FN:7,(anonymous_0)
FNF:1
FNH:1
FNDA:48,(anonymous_0)
DA:7,8
DA:8,48
LF:2
LH:2
BRF:0
BRH:0
end_of_record
TN:
SF:src/components/Header/LoginHeader.js
FN:7,(anonymous_0)
FNF:1
FNH:1
FNDA:88,(anonymous_0)
DA:7,5
DA:8,88
LF:2
LH:2
BRF:0
BRH:0
end_of_record
TN:
SF:src/components/Header/index.js
FN:8,(anonymous_0)
FN:16,(anonymous_1)
FN:22,(anonymous_2)
FN:26,(anonymous_3)
FN:27,(anonymous_4)
FNF:5
FNH:5
FNDA:9,(anonymous_0)
FNDA:18,(anonymous_1)
FNDA:1,(anonymous_2)
FNDA:9,(anonymous_3)
FNDA:9,(anonymous_4)
DA:8,2
DA:9,9
DA:10,9
DA:12,0
DA:16,2
DA:17,18
DA:18,18
DA:19,18
DA:20,18
DA:22,18
DA:23,1
DA:26,18
DA:27,9
DA:28,9
DA:29,9
DA:32,9
DA:35,18
LF:17
LH:16
BRDA:29,0,0,9
BRDA:29,0,1,6
BRF:2
BRH:2
end_of_record
TN:
SF:src/components/Header/inputScreenHeader.js
FN:7,(anonymous_0)
FN:11,(anonymous_1)
FNF:2
FNH:2
FNDA:40,(anonymous_0)
FNDA:1,(anonymous_1)
DA:7,5
DA:8,40
DA:9,40
DA:11,40
DA:12,1
DA:15,40
LF:6
LH:6
BRF:0
BRH:0
end_of_record
TN:
SF:src/components/Layout/HomeLayout.js
FN:11,(anonymous_0)
FNF:1
FNH:1
FNDA:8,(anonymous_0)
DA:11,2
DA:12,8
LF:2
LH:2
BRF:0
BRH:0
end_of_record
TN:
SF:src/components/Layout/index.js
FN:7,(anonymous_0)
FNF:1
FNH:1
FNDA:43,(anonymous_0)
DA:7,6
DA:8,43
DA:16,6
LF:3
LH:3
BRF:0
BRH:0
end_of_record
TN:
SF:src/components/Styles/stylesheet.js
FNF:0
FNH:0
DA:4,18
DA:5,18
DA:9,18
DA:10,18
DA:13,18
DA:15,18
LF:6
LH:6
BRF:0
BRH:0
end_of_record
TN:
SF:src/components/interactiveComps/ButtonToLeaveTextBox.js
FN:12,(anonymous_0)
FN:13,(anonymous_1)
FNF:2
FNH:2
FNDA:3,(anonymous_0)
FNDA:2,(anonymous_1)
DA:12,1
DA:13,3
DA:14,2
DA:15,2
DA:18,3
DA:27,1
LF:6
LH:6
BRDA:15,0,0,1
BRDA:15,0,1,1
BRF:2
BRH:2
end_of_record
TN:
SF:src/components/interactiveComps/SubmitButton.js
FN:6,(anonymous_0)
FNF:1
FNH:1
FNDA:39,(anonymous_0)
DA:6,5
DA:7,39
DA:14,5
LF:3
LH:3
BRF:0
BRH:0
end_of_record
TN:
SF:src/components/interactiveComps/TextBox.js
FN:8,(anonymous_0)
FNF:1
FNH:1
FNDA:160,(anonymous_0)
DA:8,5
DA:9,160
LF:2
LH:2
BRDA:16,0,0,160
BRDA:16,0,1,0
BRF:2
BRH:1
end_of_record
TN:
SF:src/database/connectionActs.js
FN:1,(anonymous_0)
FN:16,(anonymous_1)
FN:20,(anonymous_2)
FN:25,(anonymous_3)
FN:33,(anonymous_4)
FN:39,(anonymous_5)
FN:45,(anonymous_6)
FN:46,(anonymous_7)
FN:47,(anonymous_8)
FN:51,(anonymous_9)
FN:52,(anonymous_10)
FN:61,(anonymous_11)
FN:62,(anonymous_12)
FN:63,(anonymous_13)
FN:67,(anonymous_14)
FN:70,(anonymous_15)
FNF:16
FNH:9
FNDA:1,(anonymous_0)
FNDA:1,(anonymous_1)
FNDA:0,(anonymous_2)
FNDA:0,(anonymous_3)
FNDA:0,(anonymous_4)
FNDA:1,(anonymous_5)
FNDA:1,(anonymous_6)
FNDA:1,(anonymous_7)
FNDA:1,(anonymous_8)
FNDA:0,(anonymous_9)
FNDA:0,(anonymous_10)
FNDA:1,(anonymous_11)
FNDA:1,(anonymous_12)
FNDA:1,(anonymous_13)
FNDA:0,(anonymous_14)
FNDA:0,(anonymous_15)
DA:1,2
DA:10,1
DA:15,1
DA:17,1
DA:21,0
DA:22,0
DA:26,0
DA:27,0
DA:29,0
DA:34,0
DA:35,0
DA:36,0
DA:40,1
DA:45,2
DA:46,1
DA:47,1
DA:48,1
DA:51,0
DA:53,0
DA:54,0
DA:61,2
DA:62,1
DA:63,1
DA:64,1
DA:68,0
DA:71,0
DA:72,0
LF:27
LH:13
BRDA:21,0,0,0
BRDA:21,0,1,0
BRDA:26,1,0,0
BRDA:26,1,1,0
BRDA:35,2,0,0
BRDA:35,2,1,0
BRF:6
BRH:0
end_of_record
TN:
SF:src/database/dataRemovalUtil.js
FN:6,(anonymous_0)
FN:14,(anonymous_1)
FN:15,(anonymous_2)
FN:19,(anonymous_3)
FN:20,(anonymous_4)
FN:33,(anonymous_5)
FN:40,(anonymous_6)
FNF:7
FNH:5
FNDA:2,(anonymous_0)
FNDA:8,(anonymous_1)
FNDA:8,(anonymous_2)
FNDA:0,(anonymous_3)
FNDA:0,(anonymous_4)
FNDA:2,(anonymous_5)
FNDA:1,(anonymous_6)
DA:6,1
DA:7,2
DA:14,2
DA:15,8
DA:16,8
DA:21,0
DA:25,0
DA:33,1
DA:34,2
DA:35,2
DA:36,4
DA:40,1
DA:41,1
DA:42,1
DA:43,1
LF:15
LH:13
BRF:0
BRH:0
end_of_record
TN:
SF:src/database/db.js
FN:4,(anonymous_0)
FN:9,(anonymous_1)
FN:66,(anonymous_2)
FN:73,(anonymous_3)
FNF:4
FNH:2
FNDA:0,(anonymous_0)
FNDA:1,(anonymous_1)
FNDA:1,(anonymous_2)
FNDA:0,(anonymous_3)
DA:4,5
DA:5,0
DA:9,5
DA:10,1
DA:21,1
DA:32,1
DA:42,1
DA:55,1
DA:65,1
DA:67,1
DA:68,1
DA:69,1
DA:70,1
DA:71,1
DA:74,0
LF:15
LH:13
BRF:0
BRH:0
end_of_record
TN:
SF:src/database/gratitudeDiary.js
FN:2,(anonymous_0)
FN:20,(anonymous_1)
FN:32,(anonymous_2)
FN:37,(anonymous_3)
FN:45,(anonymous_4)
FN:51,(anonymous_5)
FN:58,(anonymous_6)
FN:59,(anonymous_7)
FN:60,(anonymous_8)
FN:64,(anonymous_9)
FN:65,(anonymous_10)
FN:74,(anonymous_11)
FN:75,(anonymous_12)
FN:76,(anonymous_13)
FN:80,(anonymous_14)
FN:83,(anonymous_15)
FNF:16
FNH:9
FNDA:1,(anonymous_0)
FNDA:1,(anonymous_1)
FNDA:0,(anonymous_2)
FNDA:0,(anonymous_3)
FNDA:0,(anonymous_4)
FNDA:1,(anonymous_5)
FNDA:1,(anonymous_6)
FNDA:1,(anonymous_7)
FNDA:1,(anonymous_8)
FNDA:0,(anonymous_9)
FNDA:0,(anonymous_10)
FNDA:1,(anonymous_11)
FNDA:1,(anonymous_12)
FNDA:1,(anonymous_13)
FNDA:0,(anonymous_14)
FNDA:0,(anonymous_15)
DA:2,2
DA:14,1
DA:19,1
DA:21,1
DA:33,0
DA:34,0
DA:38,0
DA:39,0
DA:41,0
DA:46,0
DA:47,0
DA:48,0
DA:52,1
DA:58,2
DA:59,1
DA:60,1
DA:61,1
DA:64,0
DA:66,0
DA:67,0
DA:74,2
DA:75,1
DA:76,1
DA:77,1
DA:81,0
DA:84,0
DA:85,0
LF:27
LH:13
BRDA:33,0,0,0
BRDA:33,0,1,0
BRDA:38,1,0,0
BRDA:38,1,1,0
BRDA:47,2,0,0
BRDA:47,2,1,0
BRF:6
BRH:0
end_of_record
TN:
SF:src/database/hedonicMoments.js
FN:1,(anonymous_0)
FN:17,(anonymous_1)
FN:21,(anonymous_2)
FN:26,(anonymous_3)
FN:34,(anonymous_4)
FN:40,(anonymous_5)
FN:47,(anonymous_6)
FN:48,(anonymous_7)
FN:49,(anonymous_8)
FN:53,(anonymous_9)
FN:54,(anonymous_10)
FN:63,(anonymous_11)
FN:64,(anonymous_12)
FN:65,(anonymous_13)
FN:69,(anonymous_14)
FN:72,(anonymous_15)
FNF:16
FNH:9
FNDA:1,(anonymous_0)
FNDA:1,(anonymous_1)
FNDA:0,(anonymous_2)
FNDA:0,(anonymous_3)
FNDA:0,(anonymous_4)
FNDA:1,(anonymous_5)
FNDA:1,(anonymous_6)
FNDA:1,(anonymous_7)
FNDA:1,(anonymous_8)
FNDA:0,(anonymous_9)
FNDA:0,(anonymous_10)
FNDA:1,(anonymous_11)
FNDA:1,(anonymous_12)
FNDA:1,(anonymous_13)
FNDA:0,(anonymous_14)
FNDA:0,(anonymous_15)
DA:1,2
DA:11,1
DA:16,1
DA:18,1
DA:22,0
DA:23,0
DA:27,0
DA:28,0
DA:30,0
DA:35,0
DA:36,0
DA:37,0
DA:41,1
DA:47,2
DA:48,1
DA:49,1
DA:50,1
DA:53,0
DA:55,0
DA:56,0
DA:63,2
DA:64,1
DA:65,1
DA:66,1
DA:70,0
DA:73,0
DA:74,0
LF:27
LH:13
BRDA:22,0,0,0
BRDA:22,0,1,0
BRDA:27,1,0,0
BRDA:27,1,1,0
BRDA:36,2,0,0
BRDA:36,2,1,0
BRF:6
BRH:0
end_of_record
TN:
SF:src/database/kindnessActs.js
FN:1,(anonymous_0)
FN:16,(anonymous_1)
FN:20,(anonymous_2)
FN:25,(anonymous_3)
FN:33,(anonymous_4)
FN:39,(anonymous_5)
FN:45,(anonymous_6)
FN:46,(anonymous_7)
FN:47,(anonymous_8)
FN:51,(anonymous_9)
FN:52,(anonymous_10)
FN:61,(anonymous_11)
FN:62,(anonymous_12)
FN:63,(anonymous_13)
FN:67,(anonymous_14)
FN:70,(anonymous_15)
FNF:16
FNH:9
FNDA:1,(anonymous_0)
FNDA:1,(anonymous_1)
FNDA:0,(anonymous_2)
FNDA:0,(anonymous_3)
FNDA:0,(anonymous_4)
FNDA:1,(anonymous_5)
FNDA:1,(anonymous_6)
FNDA:1,(anonymous_7)
FNDA:1,(anonymous_8)
FNDA:0,(anonymous_9)
FNDA:0,(anonymous_10)
FNDA:1,(anonymous_11)
FNDA:1,(anonymous_12)
FNDA:1,(anonymous_13)
FNDA:0,(anonymous_14)
FNDA:0,(anonymous_15)
DA:1,2
DA:10,1
DA:15,1
DA:17,1
DA:21,0
DA:22,0
DA:26,0
DA:27,0
DA:29,0
DA:34,0
DA:35,0
DA:36,0
DA:40,1
DA:45,2
DA:46,1
DA:47,1
DA:48,1
DA:51,0
DA:53,0
DA:54,0
DA:61,2
DA:62,1
DA:63,1
DA:64,1
DA:68,0
DA:71,0
DA:72,0
LF:27
LH:13
BRDA:21,0,0,0
BRDA:21,0,1,0
BRDA:26,1,0,0
BRDA:26,1,1,0
BRDA:35,2,0,0
BRDA:35,2,1,0
BRF:6
BRH:0
end_of_record
TN:
SF:src/screens/HomeScreen.js
FN:9,(anonymous_0)
FN:10,(anonymous_1)
FN:28,(anonymous_2)
FN:35,(anonymous_3)
FNF:4
FNH:4
FNDA:4,(anonymous_0)
FNDA:5,(anonymous_1)
FNDA:24,(anonymous_2)
FNDA:5,(anonymous_3)
DA:9,1
DA:10,4
DA:11,5
DA:14,4
DA:23,4
DA:29,24
DA:35,5
LF:7
LH:7
BRF:0
BRH:0
end_of_record
TN:
SF:src/screens/LoginScreen.js
FN:10,(anonymous_0)
FN:15,(anonymous_1)
FN:17,(anonymous_2)
FN:23,(anonymous_3)
FN:29,(anonymous_4)
FN:37,(anonymous_5)
FN:41,(anonymous_6)
FN:57,(anonymous_7)
FN:63,(anonymous_8)
FN:67,(anonymous_9)
FN:76,(anonymous_10)
FN:100,(anonymous_11)
FN:100,(anonymous_12)
FN:104,(anonymous_13)
FN:112,(anonymous_14)
FN:120,(anonymous_15)
FN:130,(anonymous_16)
FNF:17
FNH:14
FNDA:16,(anonymous_0)
FNDA:3,(anonymous_1)
FNDA:6,(anonymous_2)
FNDA:3,(anonymous_3)
FNDA:2,(anonymous_4)
FNDA:2,(anonymous_5)
FNDA:2,(anonymous_6)
FNDA:12,(anonymous_7)
FNDA:0,(anonymous_8)
FNDA:2,(anonymous_9)
FNDA:16,(anonymous_10)
FNDA:144,(anonymous_11)
FNDA:144,(anonymous_12)
FNDA:12,(anonymous_13)
FNDA:0,(anonymous_14)
FNDA:0,(anonymous_15)
FNDA:1,(anonymous_16)
DA:10,1
DA:11,16
DA:15,16
DA:16,3
DA:17,3
DA:18,6
DA:19,6
DA:23,16
DA:24,3
DA:29,16
DA:30,2
DA:31,2
DA:33,0
DA:37,16
DA:38,2
DA:41,16
DA:42,2
DA:43,2
DA:44,2
DA:45,2
DA:46,1
DA:47,1
DA:49,1
DA:50,1
DA:53,0
DA:57,16
DA:58,12
DA:59,12
DA:63,16
DA:64,0
DA:67,16
DA:68,2
DA:69,2
DA:71,0
DA:72,0
DA:76,16
DA:77,16
DA:78,16
DA:79,96
DA:89,16
DA:92,16
DA:100,144
DA:101,144
DA:104,12
DA:112,0
DA:120,0
DA:130,1
LF:47
LH:40
BRDA:45,0,0,1
BRDA:45,0,1,1
BRDA:58,1,0,12
BRDA:58,1,1,0
BRDA:68,2,0,2
BRDA:68,2,1,0
BRDA:84,3,0,42
BRDA:84,3,1,54
BRF:8
BRH:6
end_of_record
TN:
SF:src/screens/SettingsScreen.js
FN:14,(anonymous_0)
FN:15,(anonymous_1)
FN:19,(anonymous_2)
FN:23,(anonymous_3)
FN:42,(anonymous_4)
FN:49,(anonymous_5)
FN:55,(anonymous_6)
FNF:7
FNH:5
FNDA:3,(anonymous_0)
FNDA:0,(anonymous_1)
FNDA:3,(anonymous_2)
FNDA:3,(anonymous_3)
FNDA:3,(anonymous_4)
FNDA:0,(anonymous_5)
FNDA:3,(anonymous_6)
DA:14,1
DA:15,3
DA:16,0
DA:19,3
DA:20,3
DA:23,3
DA:24,3
DA:25,3
DA:28,3
DA:43,3
DA:50,0
DA:56,3
DA:57,3
LF:13
LH:11
BRF:0
BRH:0
end_of_record
TN:
SF:src/screens/WelcomePage.js
FN:8,(anonymous_0)
FN:13,(anonymous_1)
FN:35,(anonymous_2)
FN:50,(anonymous_3)
FN:57,(anonymous_4)
FN:62,(anonymous_5)
FNF:6
FNH:5
FNDA:2,(anonymous_0)
FNDA:4,(anonymous_1)
FNDA:1,(anonymous_2)
FNDA:2,(anonymous_3)
FNDA:0,(anonymous_4)
FNDA:2,(anonymous_5)
DA:8,1
DA:9,2
DA:10,2
DA:13,1
DA:14,4
DA:35,1
DA:51,2
DA:57,0
DA:63,2
DA:64,2
LF:10
LH:9
BRF:0
BRH:0
end_of_record
TN:
SF:src/screens/InputScreens/ConnectionActsScreen.js
FN:15,(anonymous_0)
FN:22,(anonymous_1)
FN:75,(anonymous_2)
FN:89,(anonymous_3)
FN:103,(anonymous_4)
FNF:5
FNH:4
FNDA:9,(anonymous_0)
FNDA:0,(anonymous_1)
FNDA:1,(anonymous_2)
FNDA:1,(anonymous_3)
FNDA:1,(anonymous_4)
DA:15,1
DA:16,9
DA:17,9
DA:18,9
DA:20,9
DA:22,9
DA:23,0
DA:24,0
DA:25,0
DA:27,0
DA:28,0
DA:30,0
DA:38,0
DA:39,0
DA:40,0
DA:42,0
DA:44,0
DA:48,9
DA:75,1
DA:89,1
DA:103,1
LF:21
LH:10
BRDA:51,0,0,9
BRDA:51,0,1,0
BRDA:52,1,0,9
BRDA:52,1,1,0
BRF:4
BRH:2
end_of_record
TN:
SF:src/screens/InputScreens/GratitudeDiaryScreen.js
FN:15,(anonymous_0)
FN:25,(anonymous_1)
FN:75,(anonymous_2)
FN:89,(anonymous_3)
FN:105,(anonymous_4)
FN:119,(anonymous_5)
FN:135,(anonymous_6)
FN:149,(anonymous_7)
FNF:8
FNH:7
FNDA:12,(anonymous_0)
FNDA:0,(anonymous_1)
FNDA:1,(anonymous_2)
FNDA:1,(anonymous_3)
FNDA:1,(anonymous_4)
FNDA:1,(anonymous_5)
FNDA:1,(anonymous_6)
FNDA:1,(anonymous_7)
DA:15,1
DA:16,12
DA:17,12
DA:18,12
DA:19,12
DA:20,12
DA:21,12
DA:23,12
DA:25,12
DA:26,0
DA:27,0
DA:28,0
DA:30,0
DA:31,0
DA:33,0
DA:44,0
DA:45,0
DA:46,0
DA:47,0
DA:48,0
DA:49,0
DA:51,0
DA:53,0
DA:57,12
DA:75,1
DA:89,1
DA:105,1
DA:119,1
DA:135,1
DA:149,1
LF:30
LH:16
BRDA:60,0,0,12
BRDA:60,0,1,0
BRDA:61,1,0,12
BRDA:61,1,1,0
BRF:4
BRH:2
end_of_record
TN:
SF:src/screens/InputScreens/HedonicMomentsScreen.js
FN:15,(anonymous_0)
FN:24,(anonymous_1)
FN:76,(anonymous_2)
FN:87,(anonymous_3)
FN:98,(anonymous_4)
FN:109,(anonymous_5)
FNF:6
FNH:5
FNDA:10,(anonymous_0)
FNDA:0,(anonymous_1)
FNDA:1,(anonymous_2)
FNDA:1,(anonymous_3)
FNDA:1,(anonymous_4)
FNDA:1,(anonymous_5)
DA:15,1
DA:16,10
DA:17,10
DA:18,10
DA:19,10
DA:21,10
DA:24,10
DA:25,0
DA:26,0
DA:27,0
DA:29,0
DA:30,0
DA:32,0
DA:41,0
DA:42,0
DA:43,0
DA:44,0
DA:46,0
DA:48,0
DA:49,0
DA:51,0
DA:55,10
DA:76,1
DA:87,1
DA:98,1
DA:109,1
LF:26
LH:12
BRDA:58,0,0,10
BRDA:58,0,1,0
BRDA:59,1,0,10
BRDA:59,1,1,0
BRF:4
BRH:2
end_of_record
TN:
SF:src/screens/InputScreens/KindnessActsScreen.js
FN:15,(anonymous_0)
FN:21,(anonymous_1)
FN:76,(anonymous_2)
FN:90,(anonymous_3)
FN:104,(anonymous_4)
FNF:5
FNH:4
FNDA:6,(anonymous_0)
FNDA:0,(anonymous_1)
FNDA:1,(anonymous_2)
FNDA:1,(anonymous_3)
FNDA:1,(anonymous_4)
DA:15,1
DA:16,6
DA:17,6
DA:18,6
DA:19,6
DA:21,6
DA:22,0
DA:23,0
DA:24,0
DA:26,0
DA:27,0
DA:29,0
DA:37,0
DA:38,0
DA:39,0
DA:41,0
DA:43,0
DA:44,0
DA:46,0
DA:50,6
DA:76,1
DA:90,1
DA:104,1
LF:23
LH:10
BRDA:53,0,0,6
BRDA:53,0,1,0
BRDA:54,1,0,6
BRDA:54,1,1,0
BRF:4
BRH:2
end_of_record
TN:
SF:src/screens/RegisterScreens/PinScreenReg1.js
FN:10,(anonymous_0)
FN:13,(anonymous_1)
FN:17,(anonymous_2)
FN:23,(anonymous_3)
FN:27,(anonymous_4)
FN:36,(anonymous_5)
FN:61,(anonymous_6)
FN:61,(anonymous_7)
FN:66,(anonymous_8)
FN:74,(anonymous_9)
FN:83,(anonymous_10)
FN:92,(anonymous_11)
FNF:12
FNH:8
FNDA:16,(anonymous_0)
FNDA:1,(anonymous_1)
FNDA:11,(anonymous_2)
FNDA:0,(anonymous_3)
FNDA:2,(anonymous_4)
FNDA:16,(anonymous_5)
FNDA:144,(anonymous_6)
FNDA:144,(anonymous_7)
FNDA:11,(anonymous_8)
FNDA:0,(anonymous_9)
FNDA:0,(anonymous_10)
FNDA:0,(anonymous_11)
DA:10,1
DA:11,16
DA:13,16
DA:14,1
DA:17,16
DA:18,11
DA:19,11
DA:23,16
DA:24,0
DA:27,16
DA:28,2
DA:29,1
DA:30,1
DA:32,1
DA:36,16
DA:37,16
DA:38,16
DA:39,96
DA:50,16
DA:53,16
DA:61,144
DA:62,144
DA:66,11
DA:74,0
DA:83,0
DA:92,0
LF:26
LH:22
BRDA:18,0,0,11
BRDA:18,0,1,0
BRDA:28,1,0,1
BRDA:28,1,1,1
BRDA:45,2,0,36
BRDA:45,2,1,60
BRF:6
BRH:5
end_of_record
TN:
SF:src/screens/RegisterScreens/PinScreenReg2.js
FN:9,(anonymous_0)
FN:12,(anonymous_1)
FN:20,(anonymous_2)
FN:37,(anonymous_3)
FN:43,(anonymous_4)
FN:47,(anonymous_5)
FN:51,(anonymous_6)
FN:60,(anonymous_7)
FN:86,(anonymous_8)
FN:86,(anonymous_9)
FN:91,(anonymous_10)
FN:100,(anonymous_11)
FN:108,(anonymous_12)
FN:119,(anonymous_13)
FNF:14
FNH:14
FNDA:52,(anonymous_0)
FNDA:2,(anonymous_1)
FNDA:2,(anonymous_2)
FNDA:37,(anonymous_3)
FNDA:6,(anonymous_4)
FNDA:1,(anonymous_5)
FNDA:5,(anonymous_6)
FNDA:52,(anonymous_7)
FNDA:468,(anonymous_8)
FNDA:468,(anonymous_9)
FNDA:29,(anonymous_10)
FNDA:6,(anonymous_11)
FNDA:8,(anonymous_12)
FNDA:1,(anonymous_13)
DA:9,1
DA:10,52
DA:12,52
DA:13,2
DA:14,2
DA:16,0
DA:20,52
DA:21,2
DA:22,2
DA:23,2
DA:24,1
DA:25,1
DA:27,1
DA:28,1
DA:29,1
DA:30,1
DA:33,0
DA:37,52
DA:38,37
DA:39,33
DA:43,52
DA:44,6
DA:47,52
DA:48,1
DA:51,52
DA:52,5
DA:53,2
DA:55,3
DA:56,3
DA:60,52
DA:61,52
DA:62,52
DA:63,312
DA:74,52
DA:77,52
DA:86,468
DA:87,468
DA:91,29
DA:100,6
DA:108,8
DA:119,1
LF:41
LH:39
BRDA:23,0,0,1
BRDA:23,0,1,1
BRDA:38,1,0,33
BRDA:38,1,1,4
BRDA:52,2,0,2
BRDA:52,2,1,3
BRDA:69,3,0,124
BRDA:69,3,1,188
BRF:8
BRH:8
end_of_record
TN:
SF:src/screens/RegisterScreens/RegisterUnameScreen.js
FN:7,(anonymous_0)
FN:11,(anonymous_1)
FN:15,(anonymous_2)
FNF:3
FNH:3
FNDA:5,(anonymous_0)
FNDA:1,(anonymous_1)
FNDA:1,(anonymous_2)
DA:7,1
DA:8,5
DA:11,5
DA:12,1
DA:15,5
DA:16,1
DA:17,1
DA:20,5
LF:8
LH:8
BRF:0
BRH:0
end_of_record
